Log file open, 06/20/18 11:14:41
LogWindows: Failed to load 'aqProf.dll' (GetLastError=126)
LogWindows: File 'aqProf.dll' does not exist
LogWindows: Failed to load 'VtuneApi.dll' (GetLastError=126)
LogWindows: File 'VtuneApi.dll' does not exist
LogWindows: Failed to load 'VtuneApi32e.dll' (GetLastError=126)
LogWindows: File 'VtuneApi32e.dll' does not exist
LogInit: Display: Running engine for game: LunarLander
LogPlatformFile: Not using cached read wrapper
LogInit: Display: RandInit(1695840708) SRandInit(1695840708).
LogInit: Read version file with build ID '3944462'
LogInit: Overriding engine version to CL 4033788, compatible CL 3944462
LogInit: Registered custom module enumerator with build ID '3944462'
LogTaskGraph: Started task graph with 5 named threads and 23 total threads with 3 sets of task threads.
LogStats: Stats thread started at 0.247905
LogD3D11RHI: Aftermath initialized
LogICUInternationalization: Display: ICU TimeZone Detection - Raw Offset: +2:00, Platform Override: ''
LogModuleManager: Display: Found up-to-date module file ../../../Engine/Plugins/2D/Paper2D/Binaries/Win64/UE4Editor-Paper2D.dll (API version 3944462).
LogModuleManager: Display: Found up-to-date module file ../../../Engine/Plugins/2D/Paper2D/Binaries/Win64/UE4Editor-Paper2DEditor.dll (API version 3944462).
LogModuleManager: Display: Found up-to-date module file ../../../Engine/Plugins/2D/Paper2D/Binaries/Win64/UE4Editor-PaperSpriteSheetImporter.dll (API version 3944462).
LogModuleManager: Display: Found up-to-date module file ../../../Engine/Plugins/2D/Paper2D/Binaries/Win64/UE4Editor-PaperTiledImporter.dll (API version 3944462).
LogModuleManager: Display: Found up-to-date module file ../../../Engine/Plugins/2D/Paper2D/Binaries/Win64/UE4Editor-SmartSnapping.dll (API version 3944462).
LogModuleManager: Display: Found up-to-date module file ../../../Engine/Plugins/Blendables/LightPropagationVolume/Binaries/Win64/UE4Editor-LightPropagationVolumeRuntime.dll (API version 3944462).
LogModuleManager: Display: Found up-to-date module file ../../../Engine/Plugins/Blendables/LightPropagationVolume/Binaries/Win64/UE4Editor-LightPropagationVolumeEditor.dll (API version 3944462).
LogModuleManager: Display: Found up-to-date module file ../../../Engine/Plugins/Developer/CLionSourceCodeAccess/Binaries/Win64/UE4Editor-CLionSourceCodeAccess.dll (API version 3944462).
LogModuleManager: Display: Found up-to-date module file ../../../Engine/Plugins/Developer/GitSourceControl/Binaries/Win64/UE4Editor-GitSourceControl.dll (API version 3944462).
LogModuleManager: Display: Found up-to-date module file ../../../Engine/Plugins/Developer/PerforceSourceControl/Binaries/Win64/UE4Editor-PerforceSourceControl.dll (API version 3944462).
LogModuleManager: Display: Found up-to-date module file ../../../Engine/Plugins/Developer/SubversionSourceControl/Binaries/Win64/UE4Editor-SubversionSourceControl.dll (API version 3944462).
LogModuleManager: Display: Found up-to-date module file ../../../Engine/Plugins/Developer/UObjectPlugin/Binaries/Win64/UE4Editor-UObjectPlugin.dll (API version 3944462).
LogModuleManager: Display: Found up-to-date module file ../../../Engine/Plugins/Developer/VisualStudioCodeSourceCodeAccess/Binaries/Win64/UE4Editor-VisualStudioCodeSourceCodeAccess.dll (API version 3944462).
LogModuleManager: Display: Found up-to-date module file ../../../Engine/Plugins/Developer/VisualStudioSourceCodeAccess/Binaries/Win64/UE4Editor-VisualStudioSourceCodeAccess.dll (API version 3944462).
LogModuleManager: Display: Found up-to-date module file ../../../Engine/Plugins/Editor/AssetManagerEditor/Binaries/Win64/UE4Editor-AssetManagerEditor.dll (API version 3944462).
LogModuleManager: Display: Found up-to-date module file ../../../Engine/Plugins/Editor/CryptoKeys/Binaries/Win64/UE4Editor-CryptoKeys.dll (API version 3944462).
LogModuleManager: Display: Found up-to-date module file ../../../Engine/Plugins/Editor/CryptoKeys/Binaries/Win64/UE4Editor-CryptoKeysOpenSSL.dll (API version 3944462).
LogModuleManager: Display: Found up-to-date module file ../../../Engine/Plugins/Editor/DataValidation/Binaries/Win64/UE4Editor-DataValidation.dll (API version 3944462).
LogModuleManager: Display: Found up-to-date module file ../../../Engine/Plugins/Editor/FacialAnimation/Binaries/Win64/UE4Editor-FacialAnimation.dll (API version 3944462).
LogModuleManager: Display: Found up-to-date module file ../../../Engine/Plugins/Editor/FacialAnimation/Binaries/Win64/UE4Editor-FacialAnimationEditor.dll (API version 3944462).
LogModuleManager: Display: Found up-to-date module file ../../../Engine/Plugins/Editor/GameplayTagsEditor/Binaries/Win64/UE4Editor-GameplayTagsEditor.dll (API version 3944462).
LogModuleManager: Display: Found up-to-date module file ../../../Engine/Plugins/Editor/MobileLauncherProfileWizard/Binaries/Win64/UE4Editor-MobileLauncherProfileWizard.dll (API version 3944462).
LogModuleManager: Display: Found up-to-date module file ../../../Engine/Plugins/Editor/PluginBrowser/Binaries/Win64/UE4Editor-PluginBrowser.dll (API version 3944462).
LogModuleManager: Display: Found up-to-date module file ../../../Engine/Plugins/Editor/SpeedTreeImporter/Binaries/Win64/UE4Editor-SpeedTreeImporter.dll (API version 3944462).
LogModuleManager: Display: Found up-to-date module file ../../../Engine/Plugins/Enterprise/DatasmithContent/Binaries/Win64/UE4Editor-DatasmithContent.dll (API version 3944462).
LogModuleManager: Display: Found up-to-date module file ../../../Engine/Plugins/Experimental/AlembicImporter/Binaries/Win64/UE4Editor-AlembicImporter.dll (API version 3944462).
LogModuleManager: Display: Found up-to-date module file ../../../Engine/Plugins/Experimental/AlembicImporter/Binaries/Win64/UE4Editor-AlembicLibrary.dll (API version 3944462).
LogModuleManager: Display: Found up-to-date module file ../../../Engine/Plugins/Experimental/CharacterAI/Binaries/Win64/UE4Editor-CharacterAI.dll (API version 3944462).
LogModuleManager: Display: Found up-to-date module file ../../../Engine/Plugins/Experimental/HTML5Networking/Binaries/Win64/UE4Editor-HTML5Networking.dll (API version 3944462).
LogModuleManager: Display: Found up-to-date module file ../../../Engine/Plugins/Media/AndroidMedia/Binaries/Win64/UE4Editor-AndroidMediaEditor.dll (API version 3944462).
LogModuleManager: Display: Found up-to-date module file ../../../Engine/Plugins/Media/AndroidMedia/Binaries/Win64/UE4Editor-AndroidMediaFactory.dll (API version 3944462).
LogModuleManager: Display: Found up-to-date module file ../../../Engine/Plugins/Media/AvfMedia/Binaries/Win64/UE4Editor-AvfMediaEditor.dll (API version 3944462).
LogModuleManager: Display: Found up-to-date module file ../../../Engine/Plugins/Media/AvfMedia/Binaries/Win64/UE4Editor-AvfMediaFactory.dll (API version 3944462).
LogModuleManager: Display: Found up-to-date module file ../../../Engine/Plugins/Media/AvfMedia/Binaries/Win64/UE4Editor-AvfMediaFactory.dll (API version 3944462).
LogModuleManager: Display: Found up-to-date module file ../../../Engine/Plugins/Media/ImgMedia/Binaries/Win64/UE4Editor-ImgMedia.dll (API version 3944462).
LogModuleManager: Display: Found up-to-date module file ../../../Engine/Plugins/Media/ImgMedia/Binaries/Win64/UE4Editor-ImgMediaEditor.dll (API version 3944462).
LogModuleManager: Display: Found up-to-date module file ../../../Engine/Plugins/Media/ImgMedia/Binaries/Win64/UE4Editor-ImgMediaFactory.dll (API version 3944462).
LogModuleManager: Display: Found up-to-date module file ../../../Engine/Plugins/Media/ImgMedia/Binaries/Win64/UE4Editor-ImgMediaFactory.dll (API version 3944462).
LogModuleManager: Display: Found up-to-date module file ../../../Engine/Plugins/Media/ImgMedia/Binaries/Win64/UE4Editor-OpenExrWrapper.dll (API version 3944462).
LogModuleManager: Display: Found up-to-date module file ../../../Engine/Plugins/Media/LinearTimecode/Binaries/Win64/UE4Editor-LinearTimecode.dll (API version 3944462).
LogModuleManager: Display: Found up-to-date module file ../../../Engine/Plugins/Media/MediaCompositing/Binaries/Win64/UE4Editor-MediaCompositing.dll (API version 3944462).
LogModuleManager: Display: Found up-to-date module file ../../../Engine/Plugins/Media/MediaCompositing/Binaries/Win64/UE4Editor-MediaCompositingEditor.dll (API version 3944462).
LogModuleManager: Display: Found up-to-date module file ../../../Engine/Plugins/Media/MediaPlayerEditor/Binaries/Win64/UE4Editor-MediaPlayerEditor.dll (API version 3944462).
LogModuleManager: Display: Found up-to-date module file ../../../Engine/Plugins/Media/WmfMedia/Binaries/Win64/UE4Editor-WmfMedia.dll (API version 3944462).
LogModuleManager: Display: Found up-to-date module file ../../../Engine/Plugins/Media/WmfMedia/Binaries/Win64/UE4Editor-WmfMediaEditor.dll (API version 3944462).
LogModuleManager: Display: Found up-to-date module file ../../../Engine/Plugins/Media/WmfMedia/Binaries/Win64/UE4Editor-WmfMediaFactory.dll (API version 3944462).
LogModuleManager: Display: Found up-to-date module file ../../../Engine/Plugins/Media/WmfMedia/Binaries/Win64/UE4Editor-WmfMediaFactory.dll (API version 3944462).
LogModuleManager: Display: Found up-to-date module file ../../../Engine/Plugins/Messaging/TcpMessaging/Binaries/Win64/UE4Editor-TcpMessaging.dll (API version 3944462).
LogModuleManager: Display: Found up-to-date module file ../../../Engine/Plugins/Messaging/UdpMessaging/Binaries/Win64/UE4Editor-UdpMessaging.dll (API version 3944462).
LogModuleManager: Display: Found up-to-date module file ../../../Engine/Plugins/MovieScene/ActorSequence/Binaries/Win64/UE4Editor-ActorSequence.dll (API version 3944462).
LogModuleManager: Display: Found up-to-date module file ../../../Engine/Plugins/MovieScene/LevelSequenceEditor/Binaries/Win64/UE4Editor-LevelSequenceEditor.dll (API version 3944462).
LogModuleManager: Display: Found up-to-date module file ../../../Engine/Plugins/MovieScene/MatineeToLevelSequence/Binaries/Win64/UE4Editor-MatineeToLevelSequence.dll (API version 3944462).
LogModuleManager: Display: Found up-to-date module file ../../../Engine/Plugins/NetcodeUnitTest/NetcodeUnitTest/Binaries/Win64/UE4Editor-NetcodeUnitTest.dll (API version 3944462).
LogModuleManager: Display: Found up-to-date module file ../../../Engine/Plugins/NetcodeUnitTest/NUTUnrealEngine4/Binaries/Win64/UE4Editor-NUTUnrealEngine4.dll (API version 3944462).
LogModuleManager: Display: Found up-to-date module file ../../../Engine/Plugins/Online/OnlineSubsystem/Binaries/Win64/UE4Editor-OnlineSubsystem.dll (API version 3944462).
LogModuleManager: Display: Found up-to-date module file ../../../Engine/Plugins/Runtime/AndroidPermission/Binaries/Win64/UE4Editor-AndroidPermission.dll (API version 3944462).
LogModuleManager: Display: Found up-to-date module file ../../../Engine/Plugins/Online/OnlineSubsystemNull/Binaries/Win64/UE4Editor-OnlineSubsystemNull.dll (API version 3944462).
LogModuleManager: Display: Found up-to-date module file ../../../Engine/Plugins/Online/OnlineSubsystemUtils/Binaries/Win64/UE4Editor-OnlineSubsystemUtils.dll (API version 3944462).
LogModuleManager: Display: Found up-to-date module file ../../../Engine/Plugins/Online/OnlineSubsystemUtils/Binaries/Win64/UE4Editor-OnlineBlueprintSupport.dll (API version 3944462).
LogModuleManager: Display: Found up-to-date module file ../../../Engine/Plugins/Runtime/AndroidDeviceProfileSelector/Binaries/Win64/UE4Editor-AndroidDeviceProfileSelector.dll (API version 3944462).
LogModuleManager: Display: Found up-to-date module file ../../../Engine/Plugins/Runtime/AppleARKit/Binaries/Win64/UE4Editor-AppleARKit.dll (API version 3944462).
LogModuleManager: Display: Found up-to-date module file ../../../Engine/Plugins/Runtime/ProceduralMeshComponent/Binaries/Win64/UE4Editor-ProceduralMeshComponent.dll (API version 3944462).
LogModuleManager: Display: Found up-to-date module file ../../../Engine/Plugins/Runtime/ProceduralMeshComponent/Binaries/Win64/UE4Editor-ProceduralMeshComponentEditor.dll (API version 3944462).
LogModuleManager: Display: Found up-to-date module file ../../../Engine/Plugins/Animation/LiveLink/Binaries/Win64/UE4Editor-LiveLink.dll (API version 3944462).
LogModuleManager: Display: Found up-to-date module file ../../../Engine/Plugins/Animation/LiveLink/Binaries/Win64/UE4Editor-LiveLinkEditor.dll (API version 3944462).
LogModuleManager: Display: Found up-to-date module file ../../../Engine/Plugins/Runtime/ArchVisCharacter/Binaries/Win64/UE4Editor-ArchVisCharacter.dll (API version 3944462).
LogModuleManager: Display: Found up-to-date module file ../../../Engine/Plugins/Runtime/AudioCapture/Binaries/Win64/UE4Editor-AudioCapture.dll (API version 3944462).
LogModuleManager: Display: Found up-to-date module file ../../../Engine/Plugins/Runtime/AudioCapture/Binaries/Win64/UE4Editor-AudioCaptureEditor.dll (API version 3944462).
LogModuleManager: Display: Found up-to-date module file ../../../Engine/Plugins/Runtime/CableComponent/Binaries/Win64/UE4Editor-CableComponent.dll (API version 3944462).
LogModuleManager: Display: Found up-to-date module file ../../../Engine/Plugins/Runtime/CustomMeshComponent/Binaries/Win64/UE4Editor-CustomMeshComponent.dll (API version 3944462).
LogModuleManager: Display: Found up-to-date module file ../../../Engine/Plugins/Runtime/ExampleDeviceProfileSelector/Binaries/Win64/UE4Editor-ExampleDeviceProfileSelector.dll (API version 3944462).
LogModuleManager: Display: Found up-to-date module file ../../../Engine/Plugins/Runtime/ImmediatePhysics/Binaries/Win64/UE4Editor-ImmediatePhysics.dll (API version 3944462).
LogModuleManager: Display: Found up-to-date module file ../../../Engine/Plugins/Runtime/ImmediatePhysics/Binaries/Win64/UE4Editor-ImmediatePhysicsEditor.dll (API version 3944462).
LogModuleManager: Display: Found up-to-date module file ../../../Engine/Plugins/Runtime/LocationServicesBPLibrary/Binaries/Win64/UE4Editor-LocationServicesBPLibrary.dll (API version 3944462).
LogModuleManager: Display: Found up-to-date module file ../../../Engine/Plugins/Runtime/MobilePatchingUtils/Binaries/Win64/UE4Editor-MobilePatchingUtils.dll (API version 3944462).
LogModuleManager: Display: Found up-to-date module file ../../../Engine/Plugins/Runtime/Oculus/OculusVR/Binaries/Win64/UE4Editor-OculusHMD.dll (API version 3944462).
LogModuleManager: Display: Found up-to-date module file ../../../Engine/Plugins/Runtime/Oculus/OculusVR/Binaries/Win64/UE4Editor-OculusInput.dll (API version 3944462).
LogModuleManager: Display: Found up-to-date module file ../../../Engine/Plugins/Runtime/Oculus/OculusVR/Binaries/Win64/UE4Editor-OculusEditor.dll (API version 3944462).
LogModuleManager: Display: Found up-to-date module file ../../../Engine/Plugins/Runtime/PhysXVehicles/Binaries/Win64/UE4Editor-PhysXVehicles.dll (API version 3944462).
LogModuleManager: Display: Found up-to-date module file ../../../Engine/Plugins/Runtime/PhysXVehicles/Binaries/Win64/UE4Editor-PhysXVehiclesEditor.dll (API version 3944462).
LogModuleManager: Display: Found up-to-date module file ../../../Engine/Plugins/Runtime/RuntimePhysXCooking/Binaries/Win64/UE4Editor-RuntimePhysXCooking.dll (API version 3944462).
LogModuleManager: Display: Found up-to-date module file ../../../Engine/Plugins/Runtime/Steam/SteamVR/Binaries/Win64/UE4Editor-SteamVR.dll (API version 3944462).
LogModuleManager: Display: Found up-to-date module file ../../../Engine/Plugins/Runtime/Steam/SteamVR/Binaries/Win64/UE4Editor-SteamVRController.dll (API version 3944462).
LogModuleManager: Display: Found up-to-date module file ../../../Engine/Plugins/Runtime/WindowsMoviePlayer/Binaries/Win64/UE4Editor-WindowsMoviePlayer.dll (API version 3944462).
LogPluginManager: Mounting plugin Paper2D
LogPluginManager: Mounting plugin LiveLink
LogPluginManager: Mounting plugin LightPropagationVolume
LogPluginManager: Mounting plugin CLionSourceCodeAccess
LogPluginManager: Mounting plugin CodeLiteSourceCodeAccess
LogPluginManager: Mounting plugin GitSourceControl
LogPluginManager: Mounting plugin KDevelopSourceCodeAccess
LogPluginManager: Mounting plugin NullSourceCodeAccess
LogPluginManager: Mounting plugin PerforceSourceControl
LogPluginManager: Mounting plugin SubversionSourceControl
LogPluginManager: Mounting plugin UObjectPlugin
LogPluginManager: Mounting plugin VisualStudioCodeSourceCodeAccess
LogPluginManager: Mounting plugin VisualStudioSourceCodeAccess
LogPluginManager: Mounting plugin XCodeSourceCodeAccess
LogPluginManager: Mounting plugin AssetManagerEditor
LogPluginManager: Mounting plugin CryptoKeys
LogPluginManager: Mounting plugin DataValidation
LogPluginManager: Mounting plugin FacialAnimation
LogPluginManager: Mounting plugin GameplayTagsEditor
LogPluginManager: Mounting plugin MobileLauncherProfileWizard
LogPluginManager: Mounting plugin PluginBrowser
LogPluginManager: Mounting plugin SpeedTreeImporter
LogPluginManager: Mounting plugin DatasmithContent
LogPluginManager: Mounting plugin AlembicImporter
LogPluginManager: Mounting plugin CharacterAI
LogPluginManager: Mounting plugin HTML5Networking
LogPluginManager: Mounting plugin AndroidMedia
LogPluginManager: Mounting plugin AvfMedia
LogPluginManager: Mounting plugin ImgMedia
LogPluginManager: Mounting plugin LinearTimecode
LogPluginManager: Mounting plugin MediaCompositing
LogPluginManager: Mounting plugin MediaPlayerEditor
LogPluginManager: Mounting plugin WmfMedia
LogPluginManager: Mounting plugin TcpMessaging
LogPluginManager: Mounting plugin UdpMessaging
LogPluginManager: Mounting plugin ActorSequence
LogPluginManager: Mounting plugin LevelSequenceEditor
LogPluginManager: Mounting plugin MatineeToLevelSequence
LogPluginManager: Mounting plugin NetcodeUnitTest
LogPluginManager: Mounting plugin NUTUnrealEngine4
LogPluginManager: Mounting plugin OnlineSubsystemGooglePlay
LogPluginManager: Mounting plugin OnlineSubsystemIOS
LogPluginManager: Mounting plugin OnlineSubsystem
LogPluginManager: Mounting plugin OnlineSubsystemNull
LogPluginManager: Mounting plugin OnlineSubsystemUtils
LogPluginManager: Mounting plugin AndroidDeviceProfileSelector
LogPluginManager: Mounting plugin AndroidMoviePlayer
LogPluginManager: Mounting plugin AndroidPermission
LogPluginManager: Mounting plugin AppleARKit
LogPluginManager: Mounting plugin AppleMoviePlayer
LogPluginManager: Mounting plugin ArchVisCharacter
LogPluginManager: Mounting plugin AudioCapture
LogPluginManager: Mounting plugin CableComponent
LogPluginManager: Mounting plugin CustomMeshComponent
LogPluginManager: Mounting plugin ExampleDeviceProfileSelector
LogPluginManager: Mounting plugin GoogleCloudMessaging
LogPluginManager: Mounting plugin ImmediatePhysics
LogPluginManager: Mounting plugin IOSDeviceProfileSelector
LogPluginManager: Mounting plugin LinuxDeviceProfileSelector
LogPluginManager: Mounting plugin LocationServicesBPLibrary
LogPluginManager: Mounting plugin MobilePatchingUtils
LogPluginManager: Mounting plugin OculusVR
LogPluginManager: Plugin shader directory ../../../Engine/Plugins/Runtime/Oculus/OculusVR/Shaders found
LogPluginManager: Mapping shader source directory ../../../Engine/Plugins/Runtime/Oculus/OculusVR/Shaders to virtual directory /Plugin/OculusVR
LogPluginManager: Mounting plugin PhysXVehicles
LogPluginManager: Mounting plugin ProceduralMeshComponent
LogPluginManager: Mounting plugin RuntimePhysXCooking
LogPluginManager: Mounting plugin SteamVR
LogPluginManager: Mounting plugin WindowsMoviePlayer
LogStreaming: Display: Took  0.710s to configure plugins.
LogInit: Using libcurl 7.47.1
LogInit:  - built for x86_64-pc-win32
LogInit:  - supports SSL with OpenSSL/1.0.2g
LogInit:  - supports HTTP deflate (compression) using libz 1.2.8
LogInit:  - other features:
LogInit:      CURL_VERSION_SSL
LogInit:      CURL_VERSION_LIBZ
LogInit:      CURL_VERSION_IPV6
LogInit:      CURL_VERSION_ASYNCHDNS
LogInit:      CURL_VERSION_LARGEFILE
LogInit:      CURL_VERSION_IDN
LogInit:  CurlRequestOptions (configurable via config and command line):
LogInit:  - bVerifyPeer = false  - Libcurl will NOT verify peer certificate
LogInit:  - bUseHttpProxy = false  - Libcurl will NOT use HTTP proxy
LogInit:  - bDontReuseConnections = false  - Libcurl will reuse connections
LogInit:  - CertBundlePath = nullptr  - Libcurl will use whatever was configured at build time.
LogInit:  - MaxHostConnections = 16  - Libcurl will limit the number of connections to a host
LogInit:  - LocalHostAddr = Default
LogInit: WinSock: version 1.1 (2.2), MaxSocks=32767, MaxUdp=65467
LogInit: WinSock: I am AOTA1-1L155-13D (172.31.16.113:0)
LogInit: Build: ++UE4+Release-4.19-CL-4033788
LogInit: Engine Version: 4.19.2-4033788+++UE4+Release-4.19
LogInit: Compatible Engine Version: 4.19.0-3944462+++UE4+Release-4.19
LogInit: Net CL: 3944462
LogDevObjectVersion: Number of dev versions registered: 18
LogDevObjectVersion:   Dev-Blueprints (B0D832E4-1F89-4F0D-ACCF-7EB736FD4AA2): 10
LogDevObjectVersion:   Dev-Build (E1C64328-A22C-4D53-A36C-8E866417BD8C): 0
LogDevObjectVersion:   Dev-Core (375EC13C-06E4-48FB-B500-84F0262A717E): 2
LogDevObjectVersion:   Dev-Editor (E4B068ED-F494-42E9-A231-DA0B2E46BB41): 23
LogDevObjectVersion:   Dev-Framework (CFFC743F-43B0-4480-9391-14DF171D2073): 33
LogDevObjectVersion:   Dev-Mobile (B02B49B5-BB20-44E9-A304-32B752E40360): 2
LogDevObjectVersion:   Dev-Networking (A4E4105C-59A1-49B5-A7C5-40C4547EDFEE): 0
LogDevObjectVersion:   Dev-Online (39C831C9-5AE6-47DC-9A44-9C173E1C8E7C): 0
LogDevObjectVersion:   Dev-Physics (78F01B33-EBEA-4F98-B9B4-84EACCB95AA2): 0
LogDevObjectVersion:   Dev-Platform (6631380F-2D4D-43E0-8009-CF276956A95A): 0
LogDevObjectVersion:   Dev-Rendering (12F88B9F-8875-4AFC-A67C-D90C383ABD29): 25
LogDevObjectVersion:   Dev-Sequencer (7B5AE74C-D270-4C10-A958-57980B212A5A): 6
LogDevObjectVersion:   Dev-VR (D7296918-1DD6-4BDD-9DE2-64A83CC13884): 1
LogDevObjectVersion:   Dev-LoadTimes (C2A15278-BFE7-4AFE-6C17-90FF531DF755): 1
LogDevObjectVersion:   Private-Geometry (6EACA3D4-40EC-4CC1-B786-8BED09428FC5): 2
LogDevObjectVersion:   Dev-AnimPhys (29E575DD-E0A3-4627-9D10-D276232CDCEA): 16
LogDevObjectVersion:   Dev-ReflectionCapture (6B266CEC-1EC7-4B8F-A30B-E4D90942FC07): 1
LogDevObjectVersion:   Dev-Automation (0DF73D61-A23F-47EA-B727-89E90C41499A): 1
LogInit: Compiled (64-bit): Apr 27 2018 02:06:57
LogInit: Compiled with Visual C++: 19.00.24215.01
LogInit: Build Configuration: Development
LogInit: Branch Name: ++UE4+Release-4.19
LogInit: Command Line: -EpicPortal 
LogInit: Base Directory: C:/Program Files/Epic Games/UE_4.19/Engine/Binaries/Win64/
LogInit: Installed Engine Build: 1
LogStreaming: Display: Took  0.000s to delete old logs.
LogInit: Presizing for max 8388607 objects, including 0 objects not considered by GC, pre-allocating 0 bytes for permanent pool.
LogInit: Object subsystem initialized
[2018.06.20-08.14.42:217][  0]LogInit: Selected Device Profile: [Windows]
[2018.06.20-08.14.42:217][  0]LogInit: Applying CVar settings loaded from the selected device profile: [Windows]
[2018.06.20-08.14.42:225][  0]LogInit: Computer: AOTA1-1L155-13D
[2018.06.20-08.14.42:225][  0]LogInit: User: EeroKin
[2018.06.20-08.14.42:225][  0]LogInit: CPU Page size=4096, Cores=4
[2018.06.20-08.14.42:225][  0]LogInit: High frequency timer resolution =3.328632 MHz
[2018.06.20-08.14.42:225][  0]LogMemory: Memory total: Physical=15.9GB (16GB approx)
[2018.06.20-08.14.42:225][  0]LogMemory: Platform Memory Stats for Windows
[2018.06.20-08.14.42:225][  0]LogMemory: Process Physical Memory: 278.02 MB used, 278.02 MB peak
[2018.06.20-08.14.42:225][  0]LogMemory: Process Virtual Memory: 269.03 MB used, 269.03 MB peak
[2018.06.20-08.14.42:225][  0]LogMemory: Physical Memory: 5243.58 MB used,  11020.72 MB free, 16264.30 MB total
[2018.06.20-08.14.42:225][  0]LogMemory: Virtual Memory: 647.56 MB used,  11020.72 MB free, 8388608.00 MB total
[2018.06.20-08.14.42:248][  0]LogInit: Using OS detected language (fi-FI).
[2018.06.20-08.14.42:248][  0]LogInit: Using OS detected locale (fi-FI).
[2018.06.20-08.14.42:250][  0]LogTextLocalizationManager: No localization for 'fi-FI' exists, so 'en' will be used for the language.
[2018.06.20-08.14.42:635][  0]LogStreaming: Display: Took  0.387s to EndInitTextLocalization.
[2018.06.20-08.14.42:636][  0]LogWindows: Failed to load 'shcore.dll' (GetLastError=126)
[2018.06.20-08.14.42:636][  0]LogWindows: File 'shcore.dll' does not exist
[2018.06.20-08.14.42:636][  0]LogInit: Setting process to DPI aware
[2018.06.20-08.14.42:639][  0]LogWindows: Failed to load 'shcore.dll' (GetLastError=126)
[2018.06.20-08.14.42:639][  0]LogWindows: File 'shcore.dll' does not exist
[2018.06.20-08.14.42:640][  0]LogInit: Setting process to DPI aware
[2018.06.20-08.14.42:663][  0]LogSlate: New Slate User Created.  User Index 0, Is Virtual User: 0
[2018.06.20-08.14.42:663][  0]LogSlate: Slate User Registered.  User Index 0, Is Virtual User: 0
[2018.06.20-08.14.42:812][  0]LogD3D11RHI: D3D11 adapters:
[2018.06.20-08.14.42:826][  0]LogD3D11RHI:    0. 'NVIDIA GeForce GT 730' (Feature Level 11_0)
[2018.06.20-08.14.42:826][  0]LogD3D11RHI:       1994/0/7876 MB DedicatedVideo/DedicatedSystem/SharedSystem, Outputs:2, VendorId:0x10de
[2018.06.20-08.14.42:834][  0]LogD3D11RHI:    1. 'Intel(R) HD Graphics 530' (Feature Level 11_0)
[2018.06.20-08.14.42:834][  0]LogD3D11RHI:       192/0/1632 MB DedicatedVideo/DedicatedSystem/SharedSystem, Outputs:0, VendorId:0x8086
[2018.06.20-08.14.42:834][  0]LogD3D11RHI: Chosen D3D11 Adapter: 0
[2018.06.20-08.14.42:840][  0]LogD3D11RHI: Creating new Direct3DDevice
[2018.06.20-08.14.42:840][  0]LogD3D11RHI:     GPU DeviceId: 0x1287 (for the marketing name, search the web for "GPU Device Id")
[2018.06.20-08.14.42:840][  0]LogWindows: EnumDisplayDevices:
[2018.06.20-08.14.42:840][  0]LogWindows:    0. 'NVIDIA GeForce GT 730' (P:0 D:1)
[2018.06.20-08.14.42:840][  0]LogWindows:    1. 'NVIDIA GeForce GT 730' (P:1 D:1)
[2018.06.20-08.14.42:841][  0]LogWindows:    2. 'NVIDIA GeForce GT 730' (P:0 D:0)
[2018.06.20-08.14.42:841][  0]LogWindows:    3. 'NVIDIA GeForce GT 730' (P:0 D:0)
[2018.06.20-08.14.42:841][  0]LogWindows:    4. 'Intel(R) HD Graphics 530' (P:0 D:0)
[2018.06.20-08.14.42:841][  0]LogWindows:    5. 'Intel(R) HD Graphics 530' (P:0 D:0)
[2018.06.20-08.14.42:841][  0]LogWindows:    6. 'Intel(R) HD Graphics 530' (P:0 D:0)
[2018.06.20-08.14.42:841][  0]LogWindows:    7. 'RDPDD Chained DD' (P:0 D:0)
[2018.06.20-08.14.42:841][  0]LogWindows:    8. 'RDP Encoder Mirror Driver' (P:0 D:0)
[2018.06.20-08.14.42:841][  0]LogWindows:    9. 'RDP Reflector Display Driver' (P:0 D:0)
[2018.06.20-08.14.42:841][  0]LogWindows: DebugString: PrimaryIsNotTheChoosenAdapter PrimaryIsNotTheChoosenAdapter PrimaryIsNotTheChoosenAdapter GetVideoDriverDetailsInvalid PrimaryIsNotTheChoosenAdapter GetVideoDriverDetailsInvalid PrimaryIsNotTheChoosenAdapter GetVideoDriverDetailsInvalid PrimaryIsNotTheChoosenAdapter FoundDriverCount:4 
[2018.06.20-08.14.42:841][  0]LogD3D11RHI:     Adapter Name: NVIDIA GeForce GT 730
[2018.06.20-08.14.42:841][  0]LogD3D11RHI:   Driver Version: 372.90 (internal:21.21.13.7290, unified:372.90)
[2018.06.20-08.14.42:841][  0]LogD3D11RHI:      Driver Date: 9-16-2016
[2018.06.20-08.14.42:841][  0]LogRHI: Texture pool is 1396 MB (70% of 1994 MB)
[2018.06.20-08.14.42:849][  0]LogD3D11RHI: [Aftermath] Aftermath enabled but failed to initialize
[2018.06.20-08.14.42:849][  0]LogD3D11RHI: [Aftermath] Aftermath enabled and primed
[2018.06.20-08.14.42:849][  0]LogD3D11RHI: Async texture creation enabled
[2018.06.20-08.14.42:864][  0]LogD3D11RHI: GPU Timing Frequency: 1000.000000 (Debug: 2 2)
[2018.06.20-08.14.42:955][  0]LogShaderCompilers: Guid format shader working directory is -4 characters bigger than the processId version (../../../../../../Users/EeroKin/Desktop/LunarLander/Intermediate/Shaders/WorkingDirectory/10804/).
[2018.06.20-08.14.42:955][  0]LogShaderCompilers: Cleaned the shader compiler working directory 'C:/Users/EeroKin/AppData/Local/Temp/UnrealShaderWorkingDir/5E7381164372326E46661B8EBD31C097/'.
[2018.06.20-08.14.43:185][  0]LogTemp: Display: Loaded TP AllDesktopTargetPlatform
[2018.06.20-08.14.43:196][  0]LogTemp: Display: Loaded TP MacClientTargetPlatform
[2018.06.20-08.14.43:208][  0]LogTemp: Display: Loaded TP MacNoEditorTargetPlatform
[2018.06.20-08.14.43:220][  0]LogTemp: Display: Loaded TP MacServerTargetPlatform
[2018.06.20-08.14.43:232][  0]LogTemp: Display: Loaded TP MacTargetPlatform
[2018.06.20-08.14.43:244][  0]LogTemp: Display: Loaded TP WindowsClientTargetPlatform
[2018.06.20-08.14.43:256][  0]LogTemp: Display: Loaded TP WindowsNoEditorTargetPlatform
[2018.06.20-08.14.43:268][  0]LogTemp: Display: Loaded TP WindowsServerTargetPlatform
[2018.06.20-08.14.43:274][  0]LogTemp: Display: Loaded TP WindowsTargetPlatform
[2018.06.20-08.14.43:285][  0]LogTemp: Display: Loaded TP Android_ASTCTargetPlatform
[2018.06.20-08.14.43:296][  0]LogTemp: Display: Loaded TP Android_ATCTargetPlatform
[2018.06.20-08.14.43:307][  0]LogTemp: Display: Loaded TP Android_DXTTargetPlatform
[2018.06.20-08.14.43:317][  0]LogTemp: Display: Loaded TP Android_ETC1aTargetPlatform
[2018.06.20-08.14.43:328][  0]LogTemp: Display: Loaded TP Android_ETC1TargetPlatform
[2018.06.20-08.14.43:339][  0]LogTemp: Display: Loaded TP Android_ETC2TargetPlatform
[2018.06.20-08.14.43:361][  0]LogTemp: Display: Loaded TP Android_MultiTargetPlatform
[2018.06.20-08.14.43:361][  0]LogTemp: Display: Loaded TP Android_PVRTCTargetPlatform
[2018.06.20-08.14.43:372][  0]LogTemp: Display: Loaded TP AndroidTargetPlatform
[2018.06.20-08.14.43:373][  0]LogTemp: Display: Loaded TP HTML5TargetPlatform
[2018.06.20-08.14.43:407][  0]LogTemp: Display: Loaded TP IOSTargetPlatform
[2018.06.20-08.14.43:418][  0]LogTemp: Display: Loaded TP TVOSTargetPlatform
[2018.06.20-08.14.43:428][  0]LogTemp: Display: Loaded TP LinuxClientTargetPlatform
[2018.06.20-08.14.43:439][  0]LogTemp: Display: Loaded TP LinuxNoEditorTargetPlatform
[2018.06.20-08.14.43:450][  0]LogTemp: Display: Loaded TP LinuxServerTargetPlatform
[2018.06.20-08.14.43:461][  0]LogTemp: Display: Loaded TP LinuxTargetPlatform
[2018.06.20-08.14.43:461][  0]LogTargetPlatformManager: Display: Building Assets For Windows
[2018.06.20-08.14.43:540][  0]LogXGEController: Cannot use XGE Controller as Incredibuild is not installed on this machine.
[2018.06.20-08.14.43:540][  0]LogShaderCompilers: Cannot use XGE Shader Compiler as Incredibuild is not installed on this machine.
[2018.06.20-08.14.43:540][  0]LogShaderCompilers: Display: Using Local Shader Compiler.
[2018.06.20-08.14.44:161][  0]LogDerivedDataCache: Display: Max Cache Size: 512 MB
[2018.06.20-08.14.44:252][  0]LogDerivedDataCache: Loaded boot cache 0.09s 74MB C:/Users/EeroKin/AppData/Local/UnrealEngine/4.19/DerivedDataCache/Boot.ddc.
[2018.06.20-08.14.44:252][  0]LogDerivedDataCache: Display: Loaded Boot cache: C:/Users/EeroKin/AppData/Local/UnrealEngine/4.19/DerivedDataCache/Boot.ddc
[2018.06.20-08.14.44:252][  0]LogDerivedDataCache: FDerivedDataBackendGraph:  Pak pak cache file ../../../../../../Users/EeroKin/Desktop/LunarLander/DerivedDataCache/DDC.ddp not found, will not use a pak cache.
[2018.06.20-08.14.44:252][  0]LogDerivedDataCache: Unable to find inner node Pak for hierarchical cache Hierarchy.
[2018.06.20-08.14.44:252][  0]LogDerivedDataCache: FDerivedDataBackendGraph:  CompressedPak pak cache file ../../../../../../Users/EeroKin/Desktop/LunarLander/DerivedDataCache/Compressed.ddp not found, will not use a pak cache.
[2018.06.20-08.14.44:252][  0]LogDerivedDataCache: Unable to find inner node CompressedPak for hierarchical cache Hierarchy.
[2018.06.20-08.14.44:269][  0]LogDerivedDataCache: Display: Pak cache opened for reading ../../../Engine/DerivedDataCache/Compressed.ddp.
[2018.06.20-08.14.44:281][  0]LogDerivedDataCache: Using Local data cache path C:/Users/EeroKin/AppData/Local/UnrealEngine/Common/DerivedDataCache: Writable
[2018.06.20-08.14.44:281][  0]LogDerivedDataCache: Shared data cache path not found in *engine.ini, will not use an Shared cache.
[2018.06.20-08.14.44:281][  0]LogDerivedDataCache: Unable to find inner node Shared for hierarchical cache Hierarchy.
[2018.06.20-08.14.44:292][  0]LogMaterial: Verifying Global Shaders for PCD3D_SM5
[2018.06.20-08.14.44:292][  0]LogSlate: Using Freetype 2.6.0
[2018.06.20-08.14.44:293][  0]LogSlate: SlateFontCache - WITH_FREETYPE: 1, WITH_HARFBUZZ: 1
[2018.06.20-08.14.44:293][  0]LogSlate: SlateFontCache - WITH_FREETYPE: 1, WITH_HARFBUZZ: 1
[2018.06.20-08.14.44:397][  0]LogAssetRegistry: FAssetRegistry took 0.0241 seconds to start up
[2018.06.20-08.14.44:658][  0]LogInit: Selected Device Profile: [Windows]
[2018.06.20-08.14.44:791][  0]LogSimplygon: Simplygon DLL not present - disabling.
[2018.06.20-08.14.44:793][  0]LogMeshReduction: Using SimplygonSwarm for distributed automatic mesh merging
[2018.06.20-08.14.44:793][  0]LogMeshReduction: Using QuadricMeshReduction for automatic static mesh reduction
[2018.06.20-08.14.44:793][  0]LogMeshReduction: No automatic skeletal mesh reduction module available
[2018.06.20-08.14.44:793][  0]LogMeshReduction: No automatic mesh merging module available
[2018.06.20-08.14.44:793][  0]LogMeshMerging: No automatic mesh merging module available
[2018.06.20-08.14.44:822][  0]LogNetVersion: LunarLander , NetCL: 3944462, EngineNetVer: 2, GameNetVer: 0 (Checksum: 1881001877)
[2018.06.20-08.14.45:190][  0]LogPackageLocalizationCache: Processed 9 localized package path(s) for 1 prioritized culture(s) in 0.028731 seconds
[2018.06.20-08.14.45:195][  0]LogUObjectArray: 36728 objects as part of root set at end of initial load.
[2018.06.20-08.14.45:195][  0]LogUObjectAllocator: 7314304 out of 0 bytes used by permanent object pool.
[2018.06.20-08.14.45:195][  0]LogUObjectArray: CloseDisregardForGC: 0/0 objects in disregard for GC pool
[2018.06.20-08.14.46:549][  0]LogTcpMessaging: Initializing TcpMessaging bridge
[2018.06.20-08.14.46:572][  0]LogUdpMessaging: Initializing bridge on interface 0.0.0.0:0 to multicast group 230.0.0.1:6666.
[2018.06.20-08.14.46:823][  0]SourceControl: Source control is disabled
[2018.06.20-08.14.46:823][  0]SourceControl: Source control is disabled
[2018.06.20-08.14.46:834][  0]SourceControl: Source control is disabled
[2018.06.20-08.14.46:845][  0]SourceControl: Source control is disabled
[2018.06.20-08.14.47:227][  0]LogAndroidPermission: UAndroidPermissionCallbackProxy::GetInstance
[2018.06.20-08.14.47:326][  0]LogOcInput: OculusInput pre-init called
[2018.06.20-08.14.47:410][  0]LogEngine: Initializing Engine...
[2018.06.20-08.14.47:410][  0]LogHMD: Failed to initialize OpenVR with code 110
[2018.06.20-08.14.47:411][  0]LogStats: UGameplayTagsManager::ConstructGameplayTagTree: Construct from data asset -  0.000 s
[2018.06.20-08.14.47:411][  0]LogStats: UGameplayTagsManager::ConstructGameplayTagTree: GameplayTagTreeChangedEvent.Broadcast -  0.000 s
[2018.06.20-08.14.47:620][  0]LogAIModule: Creating AISystem for world Untitled
[2018.06.20-08.14.47:644][  0]LogInit: XAudio2 using 'Kaiuttimet (Realtek High Definition Audio)' : 2 channels at 48 kHz using 32 bits per sample (channel mask 0x3)
[2018.06.20-08.14.47:671][  0]LogInit: FAudioDevice initialized.
[2018.06.20-08.14.47:760][  0]LogDerivedDataCache: Saved boot cache 0.09s 74MB C:/Users/EeroKin/AppData/Local/UnrealEngine/4.19/DerivedDataCache/Boot.ddc.
[2018.06.20-08.14.47:782][  0]LogInit: Texture streaming: Enabled
[2018.06.20-08.14.47:808][  0]LogEngineSessionManager: EngineSessionManager initialized
[2018.06.20-08.14.47:820][  0]LogInit: Transaction tracking system initialized
[2018.06.20-08.14.47:840][  0]BlueprintLog: New page: Editor Load
[2018.06.20-08.14.47:900][  0]LocalizationService: Localization service is disabled
[2018.06.20-08.14.47:969][  0]LogConsoleResponse: Display: 
[2018.06.20-08.14.48:110][  0]LogCook: Display: Max memory allowance for cook 16384mb min free memory 0mb
[2018.06.20-08.14.48:110][  0]LogCook: Display: Mobile HDR setting 1
[2018.06.20-08.14.48:110][  0]LogGameplayTags: Display: UGameplayTagsManager::DoneAddingNativeTags. DelegateIsBound: 0
[2018.06.20-08.14.48:110][  0]LogStats: UGameplayTagsManager::ConstructGameplayTagTree: Construct from data asset -  0.000 s
[2018.06.20-08.14.48:110][  0]LogStats: UGameplayTagsManager::ConstructGameplayTagTree: GameplayTagTreeChangedEvent.Broadcast -  0.000 s
[2018.06.20-08.14.48:357][  0]LogFileCache: Scanning file cache for directory 'C:/Users/EeroKin/Desktop/LunarLander/Content/' took 0.01s
[2018.06.20-08.14.48:357][  0]SourceControl: Source control is disabled
[2018.06.20-08.14.48:357][  0]Cmd: MAP LOAD FILE="../../../../../../Users/EeroKin/Desktop/LunarLander/Content/StarterContent/Maps/Minimal_Default.umap" TEMPLATE=0 SHOWPROGRESS=1 FEATURELEVEL=3
[2018.06.20-08.14.48:357][  0]LogEditorServer: Warning: Can't find file '../../../../../../Users/EeroKin/Desktop/LunarLander/Content/StarterContent/Maps/Minimal_Default.umap'
[2018.06.20-08.14.48:357][  0]Cmd: MAP CHECKDEP NOCLEARLOG
[2018.06.20-08.14.48:391][  0]MapCheck: Map check complete: 0 Error(s), 0 Warning(s), took 33,326ms to complete.
[2018.06.20-08.14.48:391][  0]LogFileHelpers: Loading map 'Minimal_Default' took 0.034
[2018.06.20-08.14.48:533][  0]LogCollectionManager: Loaded 0 collections in 0.001383 seconds
[2018.06.20-08.14.48:573][  0]LogFileCache: Scanning file cache for directory 'C:/Users/EeroKin/Desktop/LunarLander/Saved/Collections/' took 0.01s
[2018.06.20-08.14.48:573][  0]LogFileCache: Scanning file cache for directory 'C:/Users/EeroKin/Desktop/LunarLander/Content/Developers/EeroKin/Collections/' took 0.01s
[2018.06.20-08.14.48:573][  0]LogFileCache: Scanning file cache for directory 'C:/Users/EeroKin/Desktop/LunarLander/Content/Collections/' took 0.01s
[2018.06.20-08.14.48:573][  0]LogCollectionManager: Rebuilt the GUID cache for 0 collections in 0.000000 seconds
[2018.06.20-08.14.48:582][  0]LogContentBrowser: Native class hierarchy populated in 0.0080 seconds. Added 2452 classes and 558 folders.
[2018.06.20-08.14.48:587][  0]LogContentBrowser: Native class hierarchy updated for 'WidgetCarousel' in 0.0002 seconds. Added 0 classes and 0 folders.
[2018.06.20-08.14.48:621][  0]LogContentBrowser: Native class hierarchy updated for 'AddContentDialog' in 0.0002 seconds. Added 0 classes and 0 folders.
[2018.06.20-08.14.48:624][  0]LogContentBrowser: Native class hierarchy updated for 'SceneOutliner' in 0.0002 seconds. Added 1 classes and 2 folders.
[2018.06.20-08.14.48:647][  0]LogSlate: Took 0.000123 seconds to synchronously load lazily loaded font '../../../Engine/Content/Slate/Fonts/Roboto-Regular.ttf' (155K)
[2018.06.20-08.14.48:648][  0]LogSlate: Took 0.000096 seconds to synchronously load lazily loaded font '../../../Engine/Content/Slate/Fonts/Roboto-Bold.ttf' (160K)
[2018.06.20-08.14.48:652][  0]LogSlate: Took 0.000099 seconds to synchronously load lazily loaded font '../../../Engine/Content/Editor/Slate/Fonts/FontAwesome.ttf' (139K)
[2018.06.20-08.14.48:735][  0]LogRenderer: Reallocating scene render targets to support 1208x576 Format 10 NumSamples 1 (Frame:1).
[2018.06.20-08.14.48:902][  0]LogSlate: FSceneViewport::OnFocusLost() reason 2
[2018.06.20-08.14.48:914][  0]LogSlate: Window 'Tutorials' being destroyed
[2018.06.20-08.14.48:941][  0]LogContentBrowser: Native class hierarchy updated for 'HierarchicalLODOutliner' in 0.0002 seconds. Added 0 classes and 0 folders.
[2018.06.20-08.14.48:941][  0]LogLoad: (Engine Initialization) Total time: 8.62 seconds
[2018.06.20-08.14.48:941][  0]LogLoad: (Engine Initialization) Total Blueprint compile time: 0.00 seconds
[2018.06.20-08.14.48:971][  0]LogAssetRegistry: Asset discovery search completed in 4.5939 seconds
[2018.06.20-08.14.48:973][  0]LogCollectionManager: Rebuilt the object cache for 0 collections in 0.000000 seconds (found 0 objects)
[2018.06.20-08.14.48:973][  0]LogCollectionManager: Fixed up redirectors for 0 collections in 0.000048 seconds (updated 0 objects)
[2018.06.20-08.14.48:975][  0]LogContentStreaming: Texture pool size now 1000 MB
[2018.06.20-08.14.49:011][  0]LogSlate: Took 0.000136 seconds to synchronously load lazily loaded font '../../../Engine/Content/Slate/Fonts/Roboto-Light.ttf' (167K)
[2018.06.20-08.14.51:070][ 93]LogSlate: FSceneViewport::OnFocusLost() reason 0
[2018.06.20-08.14.51:201][106]LogSlate: Window 'Message Log' being destroyed
[2018.06.20-08.14.51:204][106]LogSlate: Window 'Message Log' being destroyed
[2018.06.20-08.14.53:744][237]LogSlate: FSceneViewport::OnFocusLost() reason 0
[2018.06.20-08.14.53:942][251]LogUObjectGlobals: Created PersistentFrame Addr=0x0000000045b67bf0, Size=72, Default__BP_Lander_C Function /Game/Blueprints/Pawn/BP_Lander.BP_Lander_C:ExecuteUbergraph_BP_Lander
[2018.06.20-08.14.53:945][251]LogUObjectGlobals: Destroyed PersistentFrame Addr=0x0000000045b67bf0, Size=72
[2018.06.20-08.14.53:945][251]LogUObjectGlobals: Created PersistentFrame Addr=0x0000000045b65e40, Size=72, Default__BP_Lander_C Function /Engine/Transient.REINST_BP_Lander_C_3:ExecuteUbergraph_BP_Lander
[2018.06.20-08.14.53:948][251]LogUObjectGlobals: Created PersistentFrame Addr=0x0000000045b67970, Size=72, Default__BP_Lander_C Function /Game/Blueprints/Pawn/BP_Lander.BP_Lander_C:ExecuteUbergraph_BP_Lander
[2018.06.20-08.14.53:996][251]LogSlate: Took 0.000217 seconds to synchronously load lazily loaded font '../../../Engine/Content/Slate/Fonts/Roboto-Light.ttf' (167K)
[2018.06.20-08.14.54:224][251]LogContentBrowser: Native class hierarchy updated for 'BlueprintGraph' in 0.0005 seconds. Added 116 classes and 0 folders.
[2018.06.20-08.14.54:469][251]LogUObjectGlobals: Created PersistentFrame Addr=0x000000003a79a078, Size=4, Default__SKEL_PROTO_BP_AnimBlueprint_0_C Function /Engine/Transient.SKEL_PROTO_BP_AnimBlueprint_0_C:ExecuteUbergraph_PROTO_BP_AnimBlueprint_0
[2018.06.20-08.14.54:469][251]LogUObjectGlobals: Created PersistentFrame Addr=0x000000003a79a070, Size=4, Default__PROTO_BP_AnimBlueprint_0_C Function /Engine/Transient.PROTO_BP_AnimBlueprint_0_C:ExecuteUbergraph_PROTO_BP_AnimBlueprint_0
[2018.06.20-08.14.54:834][251]LogSlate: Took 0.000250 seconds to synchronously load lazily loaded font '../../../Engine/Content/Slate/Fonts/Roboto-BoldCondensed.ttf' (158K)
[2018.06.20-08.14.56:794][476]LogRenderer: Reallocating scene render targets to support 1208x900 Format 10 NumSamples 1 (Frame:1).
[2018.06.20-08.14.58:142][537]LogSlate: Took 0.000189 seconds to synchronously load lazily loaded font '../../../Engine/Content/Slate/Fonts/Roboto-Italic.ttf' (157K)
[2018.06.20-08.15.04:943][803]LogAIModule: Creating AISystem for world MyMap
[2018.06.20-08.15.04:970][803]LogUObjectGlobals: Destroyed PersistentFrame Addr=0x0000000045b65e40, Size=72
[2018.06.20-08.15.04:972][803]Cmd: MAP LOAD FILE="../../../../../../Users/EeroKin/Desktop/LunarLander/Content/Levels/MyMap.umap" TEMPLATE=0 SHOWPROGRESS=1 FEATURELEVEL=3
[2018.06.20-08.15.04:972][803]LightingResults: New page: Lighting Build
[2018.06.20-08.15.04:974][803]LogContentBrowser: Native class hierarchy updated for 'StatsViewer' in 0.0002 seconds. Added 5 classes and 0 folders.
[2018.06.20-08.15.04:975][803]LoadErrors: New page: Loading map: MyMap.umap
[2018.06.20-08.15.04:975][803]MapCheck: New page: Map Check
[2018.06.20-08.15.04:975][803]LightingResults: New page: Lighting Build
[2018.06.20-08.15.04:997][803]LogEditorServer: Finished looking for orphan Actors (0.000 secs)
[2018.06.20-08.15.05:032][803]Cmd: MAP CHECKDEP NOCLEARLOG
[2018.06.20-08.15.05:075][803]MapCheck: Map check complete: 0 Error(s), 0 Warning(s), took 42,434ms to complete.
[2018.06.20-08.15.05:075][803]LogFileHelpers: Loading map 'MyMap' took 0.104
[2018.06.20-08.15.07:533][910]LogTemp: Repeating last play command: Selected Viewport
[2018.06.20-08.15.07:548][910]LogPlayLevel: PlayLevel: No blueprints needed recompiling
[2018.06.20-08.15.07:548][910]PIE: New page: PIE session: MyMap (20.6.2018 14.15.07)
[2018.06.20-08.15.07:549][910]LogPlayLevel: Creating play world package: /Game/Levels/UEDPIE_0_MyMap
[2018.06.20-08.15.07:555][910]LogPlayLevel: PIE: StaticDuplicateObject took: (0.006389s)
[2018.06.20-08.15.07:555][910]LogAIModule: Creating AISystem for world MyMap
[2018.06.20-08.15.07:556][910]LogPlayLevel: PIE: World Init took: (0.000622s)
[2018.06.20-08.15.07:556][910]LogPlayLevel: PIE: Created PIE world by copying editor world from /Game/Levels/MyMap.MyMap to /Game/Levels/UEDPIE_0_MyMap.MyMap (0.007146s)
[2018.06.20-08.15.07:576][910]LogInit: XAudio2 using 'Kaiuttimet (Realtek High Definition Audio)' : 2 channels at 48 kHz using 32 bits per sample (channel mask 0x3)
[2018.06.20-08.15.07:591][910]LogInit: FAudioDevice initialized.
[2018.06.20-08.15.07:632][910]LogLoad: Game class is 'GameModeBase'
[2018.06.20-08.15.07:637][910]LogWorld: Bringing World /Game/Levels/UEDPIE_0_MyMap.MyMap up for play (max tick rate 0) at 2018.06.20-11.15.07
[2018.06.20-08.15.07:637][910]LogWorld: Bringing up level for play took: 0.001303
[2018.06.20-08.15.07:642][910]LogContentBrowser: Native class hierarchy updated for 'MovieSceneCapture' in 0.0005 seconds. Added 11 classes and 0 folders.
[2018.06.20-08.15.07:643][910]PIE: Play in editor start time for /Game/Levels/UEDPIE_0_MyMap 0,002
[2018.06.20-08.15.13:673][198]LogSlate: FSceneViewport::OnFocusLost() reason 0
[2018.06.20-08.15.13:818][202]Cmd: OBJ SAVEPACKAGE PACKAGE="/Game/Levels/MyMap" FILE="../../../../../../Users/EeroKin/Desktop/LunarLander/Content/Levels/MyMap.umap" SILENT=true AUTOSAVING=false KEEPDIRTY=false
[2018.06.20-08.15.13:853][202]LogSavePackage: Save=11.79ms
[2018.06.20-08.15.13:853][202]LogSavePackage: Moving '../../../../../../Users/EeroKin/Desktop/LunarLander/Saved/MyMap5C99D1B34860164B32D04D9D3FCCE28A.tmp' to '../../../../../../Users/EeroKin/Desktop/LunarLander/Content/Levels/MyMap.umap'
[2018.06.20-08.15.13:854][202]LogSavePackage: Display: Finished SavePackage ../../../../../../Users/EeroKin/Desktop/LunarLander/Content/Levels/MyMap.umap
[2018.06.20-08.15.13:871][202]Cmd: OBJ SAVEPACKAGE PACKAGE="/Game/Levels/MyMap_BuiltData" FILE="../../../../../../Users/EeroKin/Desktop/LunarLander/Content/Levels/MyMap_BuiltData.uasset" SILENT=true
[2018.06.20-08.15.13:881][202]LogSavePackage: Save=8.12ms
[2018.06.20-08.15.13:882][202]LogSavePackage: Moving '../../../../../../Users/EeroKin/Desktop/LunarLander/Saved/MyMap_BuiltData1364B0EF48703328A59EAFB62E5811E0.tmp' to '../../../../../../Users/EeroKin/Desktop/LunarLander/Content/Levels/MyMap_BuiltData.uasset'
[2018.06.20-08.15.13:883][202]LogSavePackage: Display: Finished SavePackage ../../../../../../Users/EeroKin/Desktop/LunarLander/Content/Levels/MyMap_BuiltData.uasset
[2018.06.20-08.15.14:553][230]Cmd: OBJ SAVEPACKAGE PACKAGE="/Game/Levels/MyMap" FILE="../../../../../../Users/EeroKin/Desktop/LunarLander/Content/Levels/MyMap.umap" SILENT=true AUTOSAVING=false KEEPDIRTY=false
[2018.06.20-08.15.14:587][230]LogSavePackage: Save=12.17ms
[2018.06.20-08.15.14:587][230]LogSavePackage: Moving '../../../../../../Users/EeroKin/Desktop/LunarLander/Saved/MyMapD4C22D3D43375CE9D31DDE85EF703E2E.tmp' to '../../../../../../Users/EeroKin/Desktop/LunarLander/Content/Levels/MyMap.umap'
[2018.06.20-08.15.14:588][230]LogSavePackage: Display: Finished SavePackage ../../../../../../Users/EeroKin/Desktop/LunarLander/Content/Levels/MyMap.umap
[2018.06.20-08.15.14:605][230]Cmd: OBJ SAVEPACKAGE PACKAGE="/Game/Levels/MyMap_BuiltData" FILE="../../../../../../Users/EeroKin/Desktop/LunarLander/Content/Levels/MyMap_BuiltData.uasset" SILENT=true
[2018.06.20-08.15.14:612][230]LogSavePackage: Save=4.52ms
[2018.06.20-08.15.14:612][230]LogSavePackage: Moving '../../../../../../Users/EeroKin/Desktop/LunarLander/Saved/MyMap_BuiltDataC158211A4377CC02776D30BCC0F896CC.tmp' to '../../../../../../Users/EeroKin/Desktop/LunarLander/Content/Levels/MyMap_BuiltData.uasset'
[2018.06.20-08.15.14:613][230]LogSavePackage: Display: Finished SavePackage ../../../../../../Users/EeroKin/Desktop/LunarLander/Content/Levels/MyMap_BuiltData.uasset
[2018.06.20-08.15.14:986][245]Cmd: OBJ SAVEPACKAGE PACKAGE="/Game/Levels/MyMap" FILE="../../../../../../Users/EeroKin/Desktop/LunarLander/Content/Levels/MyMap.umap" SILENT=true AUTOSAVING=false KEEPDIRTY=false
[2018.06.20-08.15.15:018][245]LogSavePackage: Save=11.50ms
[2018.06.20-08.15.15:018][245]LogSavePackage: Moving '../../../../../../Users/EeroKin/Desktop/LunarLander/Saved/MyMap47840B7840E4787F30873E93F0D98927.tmp' to '../../../../../../Users/EeroKin/Desktop/LunarLander/Content/Levels/MyMap.umap'
[2018.06.20-08.15.15:019][245]LogSavePackage: Display: Finished SavePackage ../../../../../../Users/EeroKin/Desktop/LunarLander/Content/Levels/MyMap.umap
[2018.06.20-08.15.15:038][245]Cmd: OBJ SAVEPACKAGE PACKAGE="/Game/Levels/MyMap_BuiltData" FILE="../../../../../../Users/EeroKin/Desktop/LunarLander/Content/Levels/MyMap_BuiltData.uasset" SILENT=true
[2018.06.20-08.15.15:044][245]LogSavePackage: Save=4.21ms
[2018.06.20-08.15.15:044][245]LogSavePackage: Moving '../../../../../../Users/EeroKin/Desktop/LunarLander/Saved/MyMap_BuiltDataE27024494200911942EFC2A7F276C6F3.tmp' to '../../../../../../Users/EeroKin/Desktop/LunarLander/Content/Levels/MyMap_BuiltData.uasset'
[2018.06.20-08.15.15:045][245]LogSavePackage: Display: Finished SavePackage ../../../../../../Users/EeroKin/Desktop/LunarLander/Content/Levels/MyMap_BuiltData.uasset
[2018.06.20-08.15.15:528][265]Cmd: OBJ SAVEPACKAGE PACKAGE="/Game/Levels/MyMap" FILE="../../../../../../Users/EeroKin/Desktop/LunarLander/Content/Levels/MyMap.umap" SILENT=true AUTOSAVING=false KEEPDIRTY=false
[2018.06.20-08.15.15:559][265]LogSavePackage: Save=11.13ms
[2018.06.20-08.15.15:559][265]LogSavePackage: Moving '../../../../../../Users/EeroKin/Desktop/LunarLander/Saved/MyMapDFC4657F4473F5ACE81044BCF1E0F0BE.tmp' to '../../../../../../Users/EeroKin/Desktop/LunarLander/Content/Levels/MyMap.umap'
[2018.06.20-08.15.15:561][265]LogSavePackage: Display: Finished SavePackage ../../../../../../Users/EeroKin/Desktop/LunarLander/Content/Levels/MyMap.umap
[2018.06.20-08.15.15:578][265]Cmd: OBJ SAVEPACKAGE PACKAGE="/Game/Levels/MyMap_BuiltData" FILE="../../../../../../Users/EeroKin/Desktop/LunarLander/Content/Levels/MyMap_BuiltData.uasset" SILENT=true
[2018.06.20-08.15.15:585][265]LogSavePackage: Save=4.94ms
[2018.06.20-08.15.15:585][265]LogSavePackage: Moving '../../../../../../Users/EeroKin/Desktop/LunarLander/Saved/MyMap_BuiltData4A0FA44047608F8C607E92B6549934DF.tmp' to '../../../../../../Users/EeroKin/Desktop/LunarLander/Content/Levels/MyMap_BuiltData.uasset'
[2018.06.20-08.15.15:587][265]LogSavePackage: Display: Finished SavePackage ../../../../../../Users/EeroKin/Desktop/LunarLander/Content/Levels/MyMap_BuiltData.uasset
[2018.06.20-08.15.15:906][278]Cmd: OBJ SAVEPACKAGE PACKAGE="/Game/Levels/MyMap" FILE="../../../../../../Users/EeroKin/Desktop/LunarLander/Content/Levels/MyMap.umap" SILENT=true AUTOSAVING=false KEEPDIRTY=false
[2018.06.20-08.15.15:937][278]LogSavePackage: Save=11.69ms
[2018.06.20-08.15.15:937][278]LogSavePackage: Moving '../../../../../../Users/EeroKin/Desktop/LunarLander/Saved/MyMap5E19D76442947817E95C82A48AA66D9B.tmp' to '../../../../../../Users/EeroKin/Desktop/LunarLander/Content/Levels/MyMap.umap'
[2018.06.20-08.15.15:939][278]LogSavePackage: Display: Finished SavePackage ../../../../../../Users/EeroKin/Desktop/LunarLander/Content/Levels/MyMap.umap
[2018.06.20-08.15.15:958][278]Cmd: OBJ SAVEPACKAGE PACKAGE="/Game/Levels/MyMap_BuiltData" FILE="../../../../../../Users/EeroKin/Desktop/LunarLander/Content/Levels/MyMap_BuiltData.uasset" SILENT=true
[2018.06.20-08.15.15:964][278]LogSavePackage: Save=4.61ms
[2018.06.20-08.15.15:964][278]LogSavePackage: Moving '../../../../../../Users/EeroKin/Desktop/LunarLander/Saved/MyMap_BuiltData7FA9B65145D48B05BB4DEE8A82359268.tmp' to '../../../../../../Users/EeroKin/Desktop/LunarLander/Content/Levels/MyMap_BuiltData.uasset'
[2018.06.20-08.15.15:965][278]LogSavePackage: Display: Finished SavePackage ../../../../../../Users/EeroKin/Desktop/LunarLander/Content/Levels/MyMap_BuiltData.uasset
[2018.06.20-08.15.16:330][293]Cmd: OBJ SAVEPACKAGE PACKAGE="/Game/Levels/MyMap" FILE="../../../../../../Users/EeroKin/Desktop/LunarLander/Content/Levels/MyMap.umap" SILENT=true AUTOSAVING=false KEEPDIRTY=false
[2018.06.20-08.15.16:361][293]LogSavePackage: Save=11.37ms
[2018.06.20-08.15.16:361][293]LogSavePackage: Moving '../../../../../../Users/EeroKin/Desktop/LunarLander/Saved/MyMap881E92F14959BB4B31BC039C616E4797.tmp' to '../../../../../../Users/EeroKin/Desktop/LunarLander/Content/Levels/MyMap.umap'
[2018.06.20-08.15.16:363][293]LogSavePackage: Display: Finished SavePackage ../../../../../../Users/EeroKin/Desktop/LunarLander/Content/Levels/MyMap.umap
[2018.06.20-08.15.16:380][293]Cmd: OBJ SAVEPACKAGE PACKAGE="/Game/Levels/MyMap_BuiltData" FILE="../../../../../../Users/EeroKin/Desktop/LunarLander/Content/Levels/MyMap_BuiltData.uasset" SILENT=true
[2018.06.20-08.15.16:386][293]LogSavePackage: Save=4.22ms
[2018.06.20-08.15.16:386][293]LogSavePackage: Moving '../../../../../../Users/EeroKin/Desktop/LunarLander/Saved/MyMap_BuiltData813903DC45A8FC1D26F3908612AB2C5D.tmp' to '../../../../../../Users/EeroKin/Desktop/LunarLander/Content/Levels/MyMap_BuiltData.uasset'
[2018.06.20-08.15.16:388][293]LogSavePackage: Display: Finished SavePackage ../../../../../../Users/EeroKin/Desktop/LunarLander/Content/Levels/MyMap_BuiltData.uasset
[2018.06.20-08.15.16:588][301]Cmd: OBJ SAVEPACKAGE PACKAGE="/Game/Levels/MyMap" FILE="../../../../../../Users/EeroKin/Desktop/LunarLander/Content/Levels/MyMap.umap" SILENT=true AUTOSAVING=false KEEPDIRTY=false
[2018.06.20-08.15.16:619][301]LogSavePackage: Save=11.30ms
[2018.06.20-08.15.16:619][301]LogSavePackage: Moving '../../../../../../Users/EeroKin/Desktop/LunarLander/Saved/MyMap25196C4F4EB208CBA00034B613644B4C.tmp' to '../../../../../../Users/EeroKin/Desktop/LunarLander/Content/Levels/MyMap.umap'
[2018.06.20-08.15.16:620][301]LogSavePackage: Display: Finished SavePackage ../../../../../../Users/EeroKin/Desktop/LunarLander/Content/Levels/MyMap.umap
[2018.06.20-08.15.16:637][301]Cmd: OBJ SAVEPACKAGE PACKAGE="/Game/Levels/MyMap_BuiltData" FILE="../../../../../../Users/EeroKin/Desktop/LunarLander/Content/Levels/MyMap_BuiltData.uasset" SILENT=true
[2018.06.20-08.15.16:645][301]LogSavePackage: Save=4.99ms
[2018.06.20-08.15.16:645][301]LogSavePackage: Moving '../../../../../../Users/EeroKin/Desktop/LunarLander/Saved/MyMap_BuiltDataE98CDFEA46071C1EB48E5783C8116C07.tmp' to '../../../../../../Users/EeroKin/Desktop/LunarLander/Content/Levels/MyMap_BuiltData.uasset'
[2018.06.20-08.15.16:646][301]LogSavePackage: Display: Finished SavePackage ../../../../../../Users/EeroKin/Desktop/LunarLander/Content/Levels/MyMap_BuiltData.uasset
[2018.06.20-08.16.02:365][749]LogSlate: FSceneViewport::OnFocusLost() reason 0
[2018.06.20-08.16.55:478][915]LogSlate: FSceneViewport::OnFocusLost() reason 0
[2018.06.20-08.17.02:495][ 69]LogSlate: FSceneViewport::OnFocusLost() reason 0
[2018.06.20-08.17.07:080][170]LogSlate: FSceneViewport::OnFocusLost() reason 0
[2018.06.20-08.17.10:173][238]LogSlate: FSceneViewport::OnFocusLost() reason 0
[2018.06.20-08.17.10:306][241]BlueprintLog: New page: Compile BP_Lander
[2018.06.20-08.17.10:320][241]LogUObjectGlobals: Destroyed PersistentFrame Addr=0x0000000045b67970, Size=72
[2018.06.20-08.17.10:320][241]LogUObjectGlobals: Created PersistentFrame Addr=0x000000008a05b790, Size=72, Default__BP_Lander_C Function /Engine/Transient.REINST_BP_Lander_C_21:ExecuteUbergraph_BP_Lander
[2018.06.20-08.17.10:323][241]LogUObjectGlobals: Created PersistentFrame Addr=0x000000008af8cf40, Size=72, Default__BP_Lander_C Function /Game/Blueprints/Pawn/BP_Lander.BP_Lander_C:ExecuteUbergraph_BP_Lander
[2018.06.20-08.17.18:589][416]LogTemp: Repeating last play command: Selected Viewport
[2018.06.20-08.17.18:609][416]LogPlayLevel: PlayLevel: No blueprints needed recompiling
[2018.06.20-08.17.18:609][416]PIE: New page: PIE session: MyMap (20.6.2018 14.17.18)
[2018.06.20-08.17.18:609][416]LogPlayLevel: Creating play world package: /Game/Levels/UEDPIE_0_MyMap
[2018.06.20-08.17.18:611][416]LogPlayLevel: PIE: StaticDuplicateObject took: (0.001961s)
[2018.06.20-08.17.18:612][416]LogAIModule: Creating AISystem for world MyMap
[2018.06.20-08.17.18:612][416]LogPlayLevel: PIE: World Init took: (0.000797s)
[2018.06.20-08.17.18:612][416]LogPlayLevel: PIE: Created PIE world by copying editor world from /Game/Levels/MyMap.MyMap to /Game/Levels/UEDPIE_0_MyMap.MyMap (0.002882s)
[2018.06.20-08.17.18:634][416]LogUObjectGlobals: Destroyed PersistentFrame Addr=0x000000008a05b790, Size=72
[2018.06.20-08.17.18:637][416]LogInit: XAudio2 using 'Kaiuttimet (Realtek High Definition Audio)' : 2 channels at 48 kHz using 32 bits per sample (channel mask 0x3)
[2018.06.20-08.17.18:653][416]LogInit: FAudioDevice initialized.
[2018.06.20-08.17.18:680][416]LogLoad: Game class is 'GameModeBase'
[2018.06.20-08.17.18:681][416]LogWorld: Bringing World /Game/Levels/UEDPIE_0_MyMap.MyMap up for play (max tick rate 0) at 2018.06.20-11.17.18
[2018.06.20-08.17.18:681][416]LogWorld: Bringing up level for play took: 0.000700
[2018.06.20-08.17.18:682][416]PIE: Play in editor start time for /Game/Levels/UEDPIE_0_MyMap 1,003
[2018.06.20-08.17.43:587][709]LogSlate: FSceneViewport::OnFocusLost() reason 2
[2018.06.20-08.17.45:055][775]LogSlate: FSceneViewport::OnFocusLost() reason 2
[2018.06.20-08.17.45:106][775]Cmd: OBJ SAVEPACKAGE PACKAGE="/Game/Levels/MyMap" FILE="../../../../../../Users/EeroKin/Desktop/LunarLander/Content/Levels/MyMap.umap" SILENT=true AUTOSAVING=false KEEPDIRTY=false
[2018.06.20-08.17.45:138][775]LogSavePackage: Save=11.11ms
[2018.06.20-08.17.45:138][775]LogSavePackage: Moving '../../../../../../Users/EeroKin/Desktop/LunarLander/Saved/MyMap02638E344E73CEF34226448394DD0956.tmp' to '../../../../../../Users/EeroKin/Desktop/LunarLander/Content/Levels/MyMap.umap'
[2018.06.20-08.17.45:141][775]LogSavePackage: Display: Finished SavePackage ../../../../../../Users/EeroKin/Desktop/LunarLander/Content/Levels/MyMap.umap
[2018.06.20-08.17.45:158][775]LogFileHelpers: Saving map 'MyMap' took 0.093
[2018.06.20-08.17.45:191][775]Cmd: OBJ SAVEPACKAGE PACKAGE="/Game/Blueprints/Pawn/BP_Lander" FILE="../../../../../../Users/EeroKin/Desktop/LunarLander/Content/Blueprints/Pawn/BP_Lander.uasset" SILENT=true
[2018.06.20-08.17.45:218][775]LogSavePackage: Save=24.17ms
[2018.06.20-08.17.45:218][775]LogSavePackage: Moving '../../../../../../Users/EeroKin/Desktop/LunarLander/Saved/BP_Lander6782974C455B112E914DEBACF9947574.tmp' to '../../../../../../Users/EeroKin/Desktop/LunarLander/Content/Blueprints/Pawn/BP_Lander.uasset'
[2018.06.20-08.17.45:220][775]LogSavePackage: Display: Finished SavePackage ../../../../../../Users/EeroKin/Desktop/LunarLander/Content/Blueprints/Pawn/BP_Lander.uasset
[2018.06.20-08.17.46:204][824]LogSlate: FSceneViewport::OnFocusLost() reason 0
[2018.06.20-08.17.46:403][828]LogSlate: Window 'BP_Lander' being destroyed
[2018.06.20-08.17.46:406][828]LogActorComponent: UnregisterComponent: (/Engine/Transient.EditorFloorComp) Not registered. Aborting.
[2018.06.20-08.17.46:456][828]LogSlate: Window 'LunarLander - Unreal Editor' being destroyed
[2018.06.20-08.17.46:608][829]Cmd: QUIT_EDITOR
[2018.06.20-08.17.46:647][829]LogSlate: Slate User Destroyed.  User Index 0, Is Virtual User: 0
[2018.06.20-08.17.46:648][829]LogExit: Preparing to exit.
[2018.06.20-08.17.47:646][829]LogDirectoryWatcher: A directory notification for 'C:/Users/EeroKin/Desktop/LunarLander/Content/' was aborted.
[2018.06.20-08.17.47:687][829]LogExit: Editor shut down
[2018.06.20-08.17.47:689][829]LogExit: Transaction tracking system shut down
[2018.06.20-08.17.47:696][829]LogUObjectGlobals: Destroyed PersistentFrame Addr=0x000000003a79a078, Size=4
[2018.06.20-08.17.47:696][829]LogUObjectGlobals: Destroyed PersistentFrame Addr=0x000000003a79a070, Size=4
[2018.06.20-08.17.47:698][829]LogUObjectGlobals: Destroyed PersistentFrame Addr=0x000000008af8cf40, Size=72
[2018.06.20-08.17.47:800][829]LogDirectoryWatcher: A directory notification for '../../../Engine/Content/' was aborted.
[2018.06.20-08.17.47:800][829]LogDirectoryWatcher: A directory notification for '../../../../../../Users/EeroKin/Desktop/LunarLander/Content/' was aborted.
[2018.06.20-08.17.47:800][829]LogDirectoryWatcher: A directory notification for '../../Plugins/2D/Paper2D/Content/' was aborted.
[2018.06.20-08.17.47:800][829]LogDirectoryWatcher: A directory notification for '../../Plugins/Enterprise/DatasmithContent/Content/' was aborted.
[2018.06.20-08.17.47:800][829]LogDirectoryWatcher: A directory notification for '../../Plugins/Media/MediaCompositing/Content/' was aborted.
[2018.06.20-08.17.47:800][829]LogDirectoryWatcher: A directory notification for '../../Plugins/Runtime/AppleARKit/Content/' was aborted.
[2018.06.20-08.17.47:800][829]LogDirectoryWatcher: A directory notification for '../../Plugins/Runtime/Oculus/OculusVR/Content/' was aborted.
[2018.06.20-08.17.47:800][829]LogDirectoryWatcher: A directory notification for '../../Plugins/Runtime/Steam/SteamVR/Content/' was aborted.
[2018.06.20-08.17.47:874][829]LogExit: Object subsystem successfully closed.
[2018.06.20-08.17.47:890][829]LogShaderCompilers: Display: Shaders left to compile 0
[2018.06.20-08.17.47:893][829]LogD3D11RHI: Shutdown
[2018.06.20-08.17.47:893][829]LogD3D11RHI: CleanupD3DDevice
[2018.06.20-08.17.47:894][829]LogD3D11RHI: ~FD3D11DynamicRHI
[2018.06.20-08.17.47:906][829]LogModuleManager: Shutting down and abandoning module MovieSceneCapture (578)
[2018.06.20-08.17.47:906][829]LogModuleManager: Shutting down and abandoning module StatsViewer (576)
[2018.06.20-08.17.47:906][829]LogModuleManager: Shutting down and abandoning module BlueprintGraph (574)
[2018.06.20-08.17.47:906][829]LogModuleManager: Shutting down and abandoning module HierarchicalLODOutliner (572)
[2018.06.20-08.17.47:906][829]LogModuleManager: Shutting down and abandoning module SceneOutliner (570)
[2018.06.20-08.17.47:906][829]LogModuleManager: Shutting down and abandoning module AddContentDialog (568)
[2018.06.20-08.17.47:906][829]LogDirectoryWatcher: A directory notification for 'C:/Program Files/Epic Games/UE_4.19/FeaturePacks/' was aborted.
[2018.06.20-08.17.47:906][829]LogModuleManager: Shutting down and abandoning module WidgetCarousel (567)
[2018.06.20-08.17.47:907][829]LogModuleManager: Shutting down and abandoning module EditorWidgets (564)
[2018.06.20-08.17.47:907][829]LogModuleManager: Shutting down and abandoning module CollectionManager (562)
[2018.06.20-08.17.47:907][829]LogDirectoryWatcher: A directory notification for 'C:/Users/EeroKin/Desktop/LunarLander/Content/Collections/' was aborted.
[2018.06.20-08.17.47:907][829]LogDirectoryWatcher: A directory notification for 'C:/Users/EeroKin/Desktop/LunarLander/Content/Developers/EeroKin/Collections/' was aborted.
[2018.06.20-08.17.47:907][829]LogDirectoryWatcher: A directory notification for 'C:/Users/EeroKin/Desktop/LunarLander/Saved/Collections/' was aborted.
[2018.06.20-08.17.47:907][829]LogModuleManager: Shutting down and abandoning module FoliageEdit (560)
[2018.06.20-08.17.47:907][829]LogModuleManager: Shutting down and abandoning module LandscapeEditor (558)
[2018.06.20-08.17.47:907][829]LogModuleManager: Shutting down and abandoning module MeshPaintMode (556)
[2018.06.20-08.17.47:907][829]LogModuleManager: Shutting down and abandoning module SceneDepthPickerMode (554)
[2018.06.20-08.17.47:907][829]LogModuleManager: Shutting down and abandoning module ActorPickerMode (552)
[2018.06.20-08.17.47:907][829]LogModuleManager: Shutting down and abandoning module GeometryMode (550)
[2018.06.20-08.17.47:907][829]LogModuleManager: Shutting down and abandoning module TextureAlignMode (548)
[2018.06.20-08.17.47:907][829]LogModuleManager: Shutting down and abandoning module BspMode (546)
[2018.06.20-08.17.47:907][829]LogModuleManager: Shutting down and abandoning module PIEPreviewDeviceProfileSelector (544)
[2018.06.20-08.17.47:907][829]LogModuleManager: Shutting down and abandoning module HardwareSurvey (542)
[2018.06.20-08.17.47:907][829]LogModuleManager: Shutting down and abandoning module SequenceRecorderSections (540)
[2018.06.20-08.17.47:907][829]LogModuleManager: Shutting down and abandoning module AutomationWorker (538)
[2018.06.20-08.17.47:907][829]LogModuleManager: Shutting down and abandoning module AudioCaptureEditor (536)
[2018.06.20-08.17.47:907][829]LogModuleManager: Shutting down and abandoning module SequenceRecorder (535)
[2018.06.20-08.17.47:907][829]LogModuleManager: Shutting down and abandoning module MatineeToLevelSequence (532)
[2018.06.20-08.17.47:907][829]LogModuleManager: Shutting down and abandoning module LevelSequenceEditor (530)
[2018.06.20-08.17.47:907][829]LogModuleManager: Shutting down and abandoning module PlacementMode (529)
[2018.06.20-08.17.47:907][829]LogModuleManager: Shutting down and abandoning module MaterialEditor (528)
[2018.06.20-08.17.47:907][829]LogModuleManager: Shutting down and abandoning module WmfMediaFactory (524)
[2018.06.20-08.17.47:907][829]LogModuleManager: Shutting down and abandoning module WmfMediaEditor (522)
[2018.06.20-08.17.47:907][829]LogModuleManager: Shutting down and abandoning module MediaPlayerEditor (520)
[2018.06.20-08.17.47:907][829]LogModuleManager: Shutting down and abandoning module OpenExrWrapper (518)
[2018.06.20-08.17.47:907][829]LogModuleManager: Shutting down and abandoning module ImgMediaFactory (516)
[2018.06.20-08.17.47:907][829]LogModuleManager: Shutting down and abandoning module ImgMediaEditor (514)
[2018.06.20-08.17.47:907][829]LogModuleManager: Shutting down and abandoning module AvfMediaFactory (512)
[2018.06.20-08.17.47:907][829]LogModuleManager: Shutting down and abandoning module AvfMediaEditor (510)
[2018.06.20-08.17.47:907][829]LogModuleManager: Shutting down and abandoning module AndroidMediaFactory (508)
[2018.06.20-08.17.47:907][829]LogModuleManager: Shutting down and abandoning module AndroidMediaEditor (506)
[2018.06.20-08.17.47:907][829]LogModuleManager: Shutting down and abandoning module CharacterAI (504)
[2018.06.20-08.17.47:907][829]LogModuleManager: Shutting down and abandoning module SmartSnapping (502)
[2018.06.20-08.17.47:907][829]LogModuleManager: Shutting down and abandoning module SessionServices (500)
[2018.06.20-08.17.47:907][829]LogModuleManager: Shutting down and abandoning module ViewportSnapping (498)
[2018.06.20-08.17.47:908][829]LogModuleManager: Shutting down and abandoning module ViewportInteraction (496)
[2018.06.20-08.17.47:908][829]LogModuleManager: Shutting down and abandoning module ClothPainter (494)
[2018.06.20-08.17.47:908][829]LogModuleManager: Shutting down and abandoning module SkeletalMeshEditor (493)
[2018.06.20-08.17.47:908][829]LogModuleManager: Shutting down and abandoning module LogVisualizer (490)
[2018.06.20-08.17.47:908][829]LogModuleManager: Shutting down and abandoning module IntroTutorials (488)
[2018.06.20-08.17.47:908][829]LogModuleManager: Shutting down and abandoning module GameProjectGeneration (487)
[2018.06.20-08.17.47:908][829]LogModuleManager: Shutting down and abandoning module IOSPlatformEditor (484)
[2018.06.20-08.17.47:908][829]LogModuleManager: Shutting down and abandoning module HTML5PlatformEditor (482)
[2018.06.20-08.17.47:908][829]LogModuleManager: Shutting down and abandoning module AndroidPlatformEditor (480)
[2018.06.20-08.17.47:908][829]LogModuleManager: Shutting down and abandoning module AndroidDeviceDetection (479)
[2018.06.20-08.17.47:967][829]LogModuleManager: Shutting down and abandoning module WindowsPlatformEditor (476)
[2018.06.20-08.17.47:967][829]LogModuleManager: Shutting down and abandoning module IOSRuntimeSettings (474)
[2018.06.20-08.17.47:967][829]LogModuleManager: Shutting down and abandoning module AndroidRuntimeSettings (472)
[2018.06.20-08.17.47:967][829]LogModuleManager: Shutting down and abandoning module InputBindingEditor (470)
[2018.06.20-08.17.47:967][829]LogModuleManager: Shutting down and abandoning module MergeActors (468)
[2018.06.20-08.17.47:967][829]LogModuleManager: Shutting down and abandoning module LocalizationDashboard (466)
[2018.06.20-08.17.47:967][829]LogModuleManager: Shutting down and abandoning module LocalizationService (465)
[2018.06.20-08.17.47:967][829]LogModuleManager: Shutting down and abandoning module HardwareTargeting (462)
[2018.06.20-08.17.47:967][829]LogModuleManager: Shutting down and abandoning module DeviceProfileEditor (460)
[2018.06.20-08.17.47:967][829]LogModuleManager: Shutting down and abandoning module UndoHistory (458)
[2018.06.20-08.17.47:967][829]LogModuleManager: Shutting down and abandoning module XmlParser (456)
[2018.06.20-08.17.47:967][829]LogModuleManager: Shutting down and abandoning module Blutility (454)
[2018.06.20-08.17.47:967][829]LogModuleManager: Shutting down and abandoning module ProjectSettingsViewer (452)
[2018.06.20-08.17.47:967][829]LogModuleManager: Shutting down and abandoning module ProjectTargetPlatformEditor (451)
[2018.06.20-08.17.47:968][829]LogModuleManager: Shutting down and abandoning module EditorSettingsViewer (448)
[2018.06.20-08.17.47:968][829]LogModuleManager: Shutting down and abandoning module SettingsEditor (446)
[2018.06.20-08.17.47:968][829]LogModuleManager: Shutting down and abandoning module ProjectLauncher (444)
[2018.06.20-08.17.47:968][829]LogModuleManager: Shutting down and abandoning module SessionFrontend (442)
[2018.06.20-08.17.47:968][829]LogModuleManager: Shutting down and abandoning module ProfilerClient (440)
[2018.06.20-08.17.47:968][829]LogModuleManager: Shutting down and abandoning module DeviceManager (438)
[2018.06.20-08.17.47:968][829]LogModuleManager: Shutting down and abandoning module TargetDeviceServices (437)
[2018.06.20-08.17.48:008][829]LogModuleManager: Shutting down and abandoning module AutomationController (434)
[2018.06.20-08.17.48:008][829]LogModuleManager: Shutting down and abandoning module AutomationWindow (432)
[2018.06.20-08.17.48:008][829]LogModuleManager: Shutting down and abandoning module Layers (430)
[2018.06.20-08.17.48:008][829]LogModuleManager: Shutting down and abandoning module ComponentVisualizers (428)
[2018.06.20-08.17.48:008][829]LogModuleManager: Shutting down and abandoning module DetailCustomizations (426)
[2018.06.20-08.17.48:008][829]LogModuleManager: Shutting down and abandoning module PackagesDialog (424)
[2018.06.20-08.17.48:008][829]LogModuleManager: Shutting down and abandoning module Persona (422)
[2018.06.20-08.17.48:008][829]LogModuleManager: Shutting down and abandoning module AdvancedPreviewScene (421)
[2018.06.20-08.17.48:008][829]LogModuleManager: Shutting down and abandoning module AnimGraph (419)
[2018.06.20-08.17.48:008][829]LogModuleManager: Shutting down and abandoning module Kismet (416)
[2018.06.20-08.17.48:014][829]LogModuleManager: Shutting down and abandoning module GraphEditor (414)
[2018.06.20-08.17.48:014][829]LogModuleManager: Shutting down and abandoning module ClassViewer (412)
[2018.06.20-08.17.48:014][829]LogModuleManager: Shutting down and abandoning module Toolbox (410)
[2018.06.20-08.17.48:014][829]LogModuleManager: Shutting down and abandoning module ModuleUI (408)
[2018.06.20-08.17.48:014][829]LogModuleManager: Shutting down and abandoning module MovieSceneTools (406)
[2018.06.20-08.17.48:014][829]LogModuleManager: Shutting down and abandoning module OutputLog (404)
[2018.06.20-08.17.48:014][829]LogModuleManager: Shutting down and abandoning module GammaUI (402)
[2018.06.20-08.17.48:014][829]LogModuleManager: Shutting down and abandoning module Documentation (400)
[2018.06.20-08.17.48:014][829]LogModuleManager: Shutting down and abandoning module MovieSceneTracks (398)
[2018.06.20-08.17.48:014][829]LogModuleManager: Shutting down and abandoning module MovieScene (396)
[2018.06.20-08.17.48:015][829]LogModuleManager: Shutting down and abandoning module StreamingPauseRendering (394)
[2018.06.20-08.17.48:015][829]LogModuleManager: Shutting down and abandoning module LauncherPlatform (392)
[2018.06.20-08.17.48:015][829]LogModuleManager: Shutting down and abandoning module AnalyticsET (390)
[2018.06.20-08.17.48:015][829]LogModuleManager: Shutting down and abandoning module PortalServices (388)
[2018.06.20-08.17.48:015][829]LogModuleManager: Shutting down and abandoning module PortalRpc (386)
[2018.06.20-08.17.48:015][829]LogModuleManager: Shutting down and abandoning module MessagingRpc (384)
[2018.06.20-08.17.48:015][829]LogModuleManager: Shutting down and abandoning module AIModule (382)
[2018.06.20-08.17.48:015][829]LogModuleManager: Shutting down and abandoning module GameplayDebugger (381)
[2018.06.20-08.17.48:015][829]LogModuleManager: Shutting down and abandoning module AITestSuite (379)
[2018.06.20-08.17.48:015][829]LogModuleManager: Shutting down and abandoning module DesktopPlatform (376)
[2018.06.20-08.17.48:015][829]LogModuleManager: Shutting down and abandoning module ProfilerService (374)
[2018.06.20-08.17.48:151][829]LogModuleManager: Shutting down and abandoning module TaskGraph (372)
[2018.06.20-08.17.48:151][829]LogModuleManager: Shutting down and abandoning module SteamVRController (370)
[2018.06.20-08.17.48:151][829]LogModuleManager: Shutting down and abandoning module ProceduralMeshComponentEditor (368)
[2018.06.20-08.17.48:151][829]LogModuleManager: Shutting down and abandoning module ProceduralMeshComponent (366)
[2018.06.20-08.17.48:151][829]LogModuleManager: Shutting down and abandoning module OculusInput (364)
[2018.06.20-08.17.48:151][829]LogModuleManager: Shutting down and abandoning module MobilePatchingUtils (362)
[2018.06.20-08.17.48:151][829]LogModuleManager: Shutting down and abandoning module CustomMeshComponent (360)
[2018.06.20-08.17.48:151][829]LogModuleManager: Shutting down and abandoning module CableComponent (358)
[2018.06.20-08.17.48:151][829]LogModuleManager: Shutting down and abandoning module AudioCapture (356)
[2018.06.20-08.17.48:152][829]LogModuleManager: Shutting down and abandoning module ArchVisCharacter (354)
[2018.06.20-08.17.48:152][829]LogModuleManager: Shutting down and abandoning module AndroidPermission (352)
[2018.06.20-08.17.48:152][829]LogModuleManager: Shutting down and abandoning module NUTUnrealEngine4 (348)
[2018.06.20-08.17.48:152][829]LogModuleManager: Shutting down and abandoning module NetcodeUnitTest (346)
[2018.06.20-08.17.48:152][829]LogModuleManager: Shutting down and abandoning module MediaCompositingEditor (344)
[2018.06.20-08.17.48:152][829]LogModuleManager: Shutting down and abandoning module MediaCompositing (342)
[2018.06.20-08.17.48:152][829]LogModuleManager: Shutting down and abandoning module LinearTimecode (340)
[2018.06.20-08.17.48:152][829]LogModuleManager: Shutting down and abandoning module ImgMedia (338)
[2018.06.20-08.17.48:159][829]LogModuleManager: Shutting down and abandoning module HTML5Networking (336)
[2018.06.20-08.17.48:160][829]LogModuleManager: Shutting down and abandoning module AlembicImporter (334)
[2018.06.20-08.17.48:160][829]LogModuleManager: Shutting down and abandoning module AlembicLibrary (333)
[2018.06.20-08.17.48:160][829]LogModuleManager: Shutting down and abandoning module GeometryCache (332)
[2018.06.20-08.17.48:160][829]LogModuleManager: Shutting down and abandoning module GeometryCacheEd (331)
[2018.06.20-08.17.48:160][829]LogModuleManager: Shutting down and abandoning module DatasmithContent (326)
[2018.06.20-08.17.48:160][829]LogModuleManager: Shutting down and abandoning module SpeedTreeImporter (324)
[2018.06.20-08.17.48:160][829]LogModuleManager: Shutting down and abandoning module PluginBrowser (322)
[2018.06.20-08.17.48:160][829]LogModuleManager: Shutting down and abandoning module MobileLauncherProfileWizard (320)
[2018.06.20-08.17.48:160][829]LogModuleManager: Shutting down and abandoning module CryptoKeysOpenSSL (318)
[2018.06.20-08.17.48:160][829]LogModuleManager: Shutting down and abandoning module CryptoKeys (316)
[2018.06.20-08.17.48:160][829]LogModuleManager: Shutting down and abandoning module VisualStudioSourceCodeAccess (314)
[2018.06.20-08.17.48:160][829]LogModuleManager: Shutting down and abandoning module VisualStudioCodeSourceCodeAccess (312)
[2018.06.20-08.17.48:160][829]LogModuleManager: Shutting down and abandoning module UObjectPlugin (310)
[2018.06.20-08.17.48:161][829]LogModuleManager: Shutting down and abandoning module SubversionSourceControl (308)
[2018.06.20-08.17.48:161][829]LogModuleManager: Shutting down and abandoning module PerforceSourceControl (306)
[2018.06.20-08.17.48:161][829]LogModuleManager: Shutting down and abandoning module GitSourceControl (304)
[2018.06.20-08.17.48:161][829]LogModuleManager: Shutting down and abandoning module SourceControl (303)
[2018.06.20-08.17.48:161][829]LogModuleManager: Shutting down and abandoning module CLionSourceCodeAccess (300)
[2018.06.20-08.17.48:161][829]LogModuleManager: Shutting down and abandoning module LightPropagationVolumeEditor (298)
[2018.06.20-08.17.48:161][829]LogModuleManager: Shutting down and abandoning module PaperTiledImporter (296)
[2018.06.20-08.17.48:161][829]LogModuleManager: Shutting down and abandoning module PaperSpriteSheetImporter (294)
[2018.06.20-08.17.48:161][829]LogModuleManager: Shutting down and abandoning module Paper2DEditor (292)
[2018.06.20-08.17.48:161][829]LogModuleManager: Shutting down and abandoning module MeshPaint (291)
[2018.06.20-08.17.48:161][829]LogModuleManager: Shutting down and abandoning module RuntimePhysXCooking (288)
[2018.06.20-08.17.48:162][829]LogModuleManager: Shutting down and abandoning module PhysXVehiclesEditor (286)
[2018.06.20-08.17.48:162][829]LogModuleManager: Shutting down and abandoning module PhysXVehicles (284)
[2018.06.20-08.17.48:162][829]LogModuleManager: Shutting down and abandoning module OculusEditor (282)
[2018.06.20-08.17.48:162][829]LogModuleManager: Shutting down and abandoning module LocationServicesBPLibrary (280)
[2018.06.20-08.17.48:162][829]LogModuleManager: Shutting down and abandoning module ImmediatePhysicsEditor (278)
[2018.06.20-08.17.48:162][829]LogModuleManager: Shutting down and abandoning module ImmediatePhysics (276)
[2018.06.20-08.17.48:162][829]LogModuleManager: Shutting down and abandoning module ActorSequence (274)
[2018.06.20-08.17.48:162][829]LogModuleManager: Shutting down and abandoning module UdpMessaging (272)
[2018.06.20-08.17.48:262][829]LogModuleManager: Shutting down and abandoning module TcpMessaging (270)
[2018.06.20-08.17.48:578][829]LogModuleManager: Shutting down and abandoning module GameplayTagsEditor (268)
[2018.06.20-08.17.48:578][829]LogModuleManager: Shutting down and abandoning module FacialAnimationEditor (266)
[2018.06.20-08.17.48:578][829]LogModuleManager: Shutting down and abandoning module FacialAnimation (264)
[2018.06.20-08.17.48:578][829]LogModuleManager: Shutting down and abandoning module DataValidation (262)
[2018.06.20-08.17.48:578][829]LogModuleManager: Shutting down and abandoning module AssetManagerEditor (260)
[2018.06.20-08.17.48:579][829]LogModuleManager: Shutting down and abandoning module LevelEditor (259)
[2018.06.20-08.17.48:581][829]LogModuleManager: Shutting down and abandoning module PixelInspectorModule (258)
[2018.06.20-08.17.48:581][829]LogModuleManager: Shutting down and abandoning module CommonMenuExtensions (256)
[2018.06.20-08.17.48:581][829]LogModuleManager: Shutting down and abandoning module MainFrame (254)
[2018.06.20-08.17.48:581][829]LogModuleManager: Shutting down and abandoning module HotReload (253)
[2018.06.20-08.17.48:583][829]LogModuleManager: Shutting down and abandoning module ContentBrowser (249)
[2018.06.20-08.17.48:586][829]LogModuleManager: Shutting down and abandoning module TreeMap (247)
[2018.06.20-08.17.48:586][829]LogModuleManager: Shutting down and abandoning module LightPropagationVolumeRuntime (244)
[2018.06.20-08.17.48:586][829]LogModuleManager: Shutting down and abandoning module LiveLinkEditor (242)
[2018.06.20-08.17.48:586][829]LogModuleManager: Shutting down and abandoning module LiveLink (240)
[2018.06.20-08.17.49:334][829]LogModuleManager: Shutting down and abandoning module Paper2D (238)
[2018.06.20-08.17.49:334][829]LogModuleManager: Shutting down and abandoning module WindowsMoviePlayer (236)
[2018.06.20-08.17.49:334][829]LogModuleManager: Shutting down and abandoning module WmfMedia (234)
[2018.06.20-08.17.49:335][829]LogModuleManager: Shutting down and abandoning module Media (233)
[2018.06.20-08.17.49:341][829]LogModuleManager: Shutting down and abandoning module PacketHandler (230)
[2018.06.20-08.17.49:341][829]LogModuleManager: Shutting down and abandoning module ClothingSystemEditor (228)
[2018.06.20-08.17.49:341][829]LogModuleManager: Shutting down and abandoning module ClothingSystemRuntime (226)
[2018.06.20-08.17.49:341][829]LogModuleManager: Shutting down and abandoning module MediaAssets (224)
[2018.06.20-08.17.49:341][829]LogModuleManager: Shutting down and abandoning module Overlay (222)
[2018.06.20-08.17.49:341][829]LogModuleManager: Shutting down and abandoning module OverlayEditor (221)
[2018.06.20-08.17.49:341][829]LogModuleManager: Shutting down and abandoning module VREditor (218)
[2018.06.20-08.17.49:342][829]LogModuleManager: Shutting down and abandoning module StringTableEditor (216)
[2018.06.20-08.17.49:342][829]LogModuleManager: Shutting down and abandoning module GameplayTasksEditor (214)
[2018.06.20-08.17.49:342][829]LogModuleManager: Shutting down and abandoning module BehaviorTreeEditor (212)
[2018.06.20-08.17.49:342][829]LogModuleManager: Shutting down and abandoning module FunctionalTesting (210)
[2018.06.20-08.17.49:342][829]LogModuleManager: Shutting down and abandoning module CollisionAnalyzer (208)
[2018.06.20-08.17.49:342][829]LogModuleManager: Shutting down and abandoning module WorkspaceMenuStructure (207)
[2018.06.20-08.17.49:342][829]LogModuleManager: Shutting down and abandoning module UMG (204)
[2018.06.20-08.17.49:342][829]LogModuleManager: Shutting down and abandoning module UMGEditor (203)
[2018.06.20-08.17.49:342][829]LogModuleManager: Shutting down and abandoning module Sequencer (202)
[2018.06.20-08.17.49:342][829]LogModuleManager: Shutting down and abandoning module MessageLog (199)
[2018.06.20-08.17.49:343][829]LogModuleManager: Shutting down and abandoning module SlateReflector (194)
[2018.06.20-08.17.49:343][829]LogModuleManager: Shutting down and abandoning module Slate (192)
[2018.06.20-08.17.49:343][829]LogModuleManager: Shutting down and abandoning module EditorStyle (190)
[2018.06.20-08.17.49:347][829]LogModuleManager: Shutting down and abandoning module MRMesh (188)
[2018.06.20-08.17.49:347][829]LogModuleManager: Shutting down and abandoning module SourceCodeAccess (186)
[2018.06.20-08.17.49:347][829]LogModuleManager: Shutting down and abandoning module HeadMountedDisplay (184)
[2018.06.20-08.17.49:347][829]LogModuleManager: Shutting down and abandoning module XAudio2 (182)
[2018.06.20-08.17.49:348][829]LogModuleManager: Shutting down and abandoning module Networking (180)
[2018.06.20-08.17.49:348][829]LogModuleManager: Shutting down and abandoning module Core (178)
[2018.06.20-08.17.49:348][829]LogModuleManager: Shutting down and abandoning module LevelSequence (176)
[2018.06.20-08.17.49:348][829]LogModuleManager: Shutting down and abandoning module KismetCompiler (174)
[2018.06.20-08.17.49:348][829]LogModuleManager: Shutting down and abandoning module MeshUtilities (172)
[2018.06.20-08.17.49:348][829]LogModuleManager: Shutting down and abandoning module MeshMergeUtilities (171)
[2018.06.20-08.17.49:348][829]LogModuleManager: Shutting down and abandoning module MeshReductionInterface (170)
[2018.06.20-08.17.49:348][829]LogModuleManager: Shutting down and abandoning module SimplygonSwarm (169)
[2018.06.20-08.17.49:348][829]LogModuleManager: Shutting down and abandoning module SimplygonMeshReduction (167)
[2018.06.20-08.17.49:348][829]LogModuleManager: Shutting down and abandoning module QuadricMeshReduction (165)
[2018.06.20-08.17.49:348][829]LogModuleManager: Shutting down and abandoning module MaterialBaking (161)
[2018.06.20-08.17.49:348][829]LogModuleManager: Shutting down and abandoning module DirectoryWatcher (157)
[2018.06.20-08.17.49:349][829]LogModuleManager: Shutting down and abandoning module DerivedDataCache (154)
[2018.06.20-08.17.49:352][829]LogDerivedDataCache: Shutdown
[2018.06.20-08.17.49:352][829]LogModuleManager: Shutting down and abandoning module XGEController (152)
[2018.06.20-08.17.49:352][829]LogModuleManager: Shutting down and abandoning module TargetPlatform (150)
[2018.06.20-08.17.49:352][829]LogModuleManager: Shutting down and abandoning module VulkanShaderFormat (149)
[2018.06.20-08.17.49:352][829]LogModuleManager: Shutting down and abandoning module ShaderFormatVectorVM (147)
[2018.06.20-08.17.49:352][829]LogModuleManager: Shutting down and abandoning module ShaderFormatOpenGL (145)
[2018.06.20-08.17.49:352][829]LogModuleManager: Shutting down and abandoning module ShaderFormatD3D (143)
[2018.06.20-08.17.49:352][829]LogModuleManager: Shutting down and abandoning module MetalShaderFormat (141)
[2018.06.20-08.17.49:352][829]LogModuleManager: Shutting down and abandoning module TextureFormatUncompressed (139)
[2018.06.20-08.17.49:352][829]LogModuleManager: Shutting down and abandoning module TextureFormatPVR (137)
[2018.06.20-08.17.49:352][829]LogModuleManager: Shutting down and abandoning module TextureFormatDXT (135)
[2018.06.20-08.17.49:353][829]LogModuleManager: Shutting down and abandoning module TextureFormatIntelISPCTexComp (133)
[2018.06.20-08.17.49:353][829]LogModuleManager: Shutting down and abandoning module TextureFormatASTC (131)
[2018.06.20-08.17.49:353][829]LogModuleManager: Shutting down and abandoning module ImageWrapper (130)
[2018.06.20-08.17.49:353][829]LogModuleManager: Shutting down and abandoning module TextureFormatAndroid (127)
[2018.06.20-08.17.49:353][829]LogModuleManager: Shutting down and abandoning module AudioFormatOpus (125)
[2018.06.20-08.17.49:353][829]LogModuleManager: Shutting down and abandoning module AudioFormatOgg (123)
[2018.06.20-08.17.49:353][829]LogModuleManager: Shutting down and abandoning module AudioFormatADPCM (121)
[2018.06.20-08.17.49:353][829]LogModuleManager: Shutting down and abandoning module LinuxTargetPlatform (119)
[2018.06.20-08.17.49:353][829]LogModuleManager: Shutting down and abandoning module LinuxServerTargetPlatform (117)
[2018.06.20-08.17.49:353][829]LogModuleManager: Shutting down and abandoning module LinuxNoEditorTargetPlatform (115)
[2018.06.20-08.17.49:353][829]LogModuleManager: Shutting down and abandoning module LinuxClientTargetPlatform (113)
[2018.06.20-08.17.49:353][829]LogModuleManager: Shutting down and abandoning module TVOSTargetPlatform (111)
[2018.06.20-08.17.49:353][829]LogModuleManager: Shutting down and abandoning module Messaging (109)
[2018.06.20-08.17.49:354][829]LogModuleManager: Shutting down and abandoning module IOSTargetPlatform (107)
[2018.06.20-08.17.49:354][829]LogModuleManager: Shutting down and abandoning module HTML5TargetPlatform (105)
[2018.06.20-08.17.49:354][829]LogModuleManager: Shutting down and abandoning module AndroidTargetPlatform (103)
[2018.06.20-08.17.49:354][829]LogModuleManager: Shutting down and abandoning module Android_PVRTCTargetPlatform (101)
[2018.06.20-08.17.49:354][829]LogModuleManager: Shutting down and abandoning module Android_MultiTargetPlatform (99)
[2018.06.20-08.17.49:354][829]LogModuleManager: Shutting down and abandoning module Android_ETC2TargetPlatform (97)
[2018.06.20-08.17.49:354][829]LogModuleManager: Shutting down and abandoning module Android_ETC1TargetPlatform (95)
[2018.06.20-08.17.49:354][829]LogModuleManager: Shutting down and abandoning module Android_ETC1aTargetPlatform (93)
[2018.06.20-08.17.49:354][829]LogModuleManager: Shutting down and abandoning module Android_DXTTargetPlatform (91)
[2018.06.20-08.17.49:354][829]LogModuleManager: Shutting down and abandoning module Android_ATCTargetPlatform (89)
[2018.06.20-08.17.49:354][829]LogModuleManager: Shutting down and abandoning module Android_ASTCTargetPlatform (87)
[2018.06.20-08.17.49:354][829]LogModuleManager: Shutting down and abandoning module WindowsTargetPlatform (85)
[2018.06.20-08.17.49:354][829]LogModuleManager: Shutting down and abandoning module WindowsServerTargetPlatform (83)
[2018.06.20-08.17.49:354][829]LogModuleManager: Shutting down and abandoning module WindowsNoEditorTargetPlatform (81)
[2018.06.20-08.17.49:354][829]LogModuleManager: Shutting down and abandoning module WindowsClientTargetPlatform (79)
[2018.06.20-08.17.49:354][829]LogModuleManager: Shutting down and abandoning module MacTargetPlatform (77)
[2018.06.20-08.17.49:354][829]LogModuleManager: Shutting down and abandoning module MacServerTargetPlatform (75)
[2018.06.20-08.17.49:354][829]LogModuleManager: Shutting down and abandoning module MacNoEditorTargetPlatform (73)
[2018.06.20-08.17.49:354][829]LogModuleManager: Shutting down and abandoning module MacClientTargetPlatform (71)
[2018.06.20-08.17.49:355][829]LogModuleManager: Shutting down and abandoning module AllDesktopTargetPlatform (69)
[2018.06.20-08.17.49:355][829]LogModuleManager: Shutting down and abandoning module InputCore (66)
[2018.06.20-08.17.49:355][829]LogModuleManager: Shutting down and abandoning module Settings (64)
[2018.06.20-08.17.49:355][829]LogModuleManager: Shutting down and abandoning module PhysXCooking (62)
[2018.06.20-08.17.49:355][829]LogModuleManager: Shutting down and abandoning module SteamVR (60)
[2018.06.20-08.17.49:355][829]LogModuleManager: Shutting down and abandoning module OculusHMD (58)
[2018.06.20-08.17.49:355][829]LogModuleManager: Shutting down and abandoning module ExampleDeviceProfileSelector (56)
[2018.06.20-08.17.49:355][829]LogModuleManager: Shutting down and abandoning module AppleARKit (54)
[2018.06.20-08.17.49:355][829]LogModuleManager: Shutting down and abandoning module AugmentedReality (51)
[2018.06.20-08.17.49:355][829]LogModuleManager: Shutting down and abandoning module OnlineBlueprintSupport (48)
[2018.06.20-08.17.49:355][829]LogModuleManager: Shutting down and abandoning module OnlineSubsystem (44)
[2018.06.20-08.17.49:355][829]LogModuleManager: Shutting down and abandoning module XMPP (43)
[2018.06.20-08.17.49:355][829]LogModuleManager: Shutting down and abandoning module HTTP (41)
[2018.06.20-08.17.49:355][829]LogHttp: Display: Http module shutting down, but needs to wait on 1 outstanding Http requests:
[2018.06.20-08.17.49:355][829]LogHttp: Display: 	verb=[POST] url=[https://datarouter.ol.epicgames.com/datarouter/api/v1/public/data?SessionID=%7B50C51A53-49B3-F1C1-F645-BF91FF5B8AE9%7D&AppID=UEEditor.Rocket.Release&AppVersion=4.19.2-4033788%2B%2B%2BUE4%2BRelease-4.19&UserID=ba4883554c9bd2c3197ae69ce22dac2d%7C07f1fc216fea47329ac70f5d6b359366%7Ca0f07ade-ffe3-471c-bf55-505eaf7d6e75&AppEnvironment=datacollector-binary&UploadType=eteventstream] status=Processing
[2018.06.20-08.17.49:372][829]LogModuleManager: Shutting down and abandoning module SSL (40)
[2018.06.20-08.17.49:374][829]LogModuleManager: Shutting down and abandoning module AnimationModifiers (36)
[2018.06.20-08.17.49:374][829]LogModuleManager: Shutting down and abandoning module PropertyEditor (35)
[2018.06.20-08.17.49:374][829]LogModuleManager: Shutting down and abandoning module AudioEditor (32)
[2018.06.20-08.17.49:374][829]LogModuleManager: Shutting down and abandoning module TextureCompressor (30)
[2018.06.20-08.17.49:374][829]LogModuleManager: Shutting down and abandoning module ShaderCore (28)
[2018.06.20-08.17.49:374][829]LogModuleManager: Shutting down and abandoning module Landscape (26)
[2018.06.20-08.17.49:375][829]LogModuleManager: Shutting down and abandoning module SlateRHIRenderer (24)
[2018.06.20-08.17.49:376][829]LogModuleManager: Shutting down and abandoning module OpenGLDrv (22)
[2018.06.20-08.17.49:376][829]LogModuleManager: Shutting down and abandoning module D3D11RHI (20)
[2018.06.20-08.17.49:376][829]LogModuleManager: Shutting down and abandoning module AnimGraphRuntime (18)
[2018.06.20-08.17.49:376][829]LogModuleManager: Shutting down and abandoning module Renderer (16)
[2018.06.20-08.17.49:376][829]LogModuleManager: Shutting down and abandoning module Engine (14)
[2018.06.20-08.17.49:376][829]LogModuleManager: Shutting down and abandoning module CoreUObject (12)
[2018.06.20-08.17.49:376][829]LogModuleManager: Shutting down and abandoning module NetworkFile (10)
[2018.06.20-08.17.49:376][829]LogModuleManager: Shutting down and abandoning module CookedIterativeFile (8)
[2018.06.20-08.17.49:376][829]LogModuleManager: Shutting down and abandoning module StreamingFile (6)
[2018.06.20-08.17.49:376][829]LogModuleManager: Shutting down and abandoning module SandboxFile (4)
[2018.06.20-08.17.49:377][829]LogModuleManager: Shutting down and abandoning module PakFile (2)
[2018.06.20-08.17.49:389][829]LogExit: Exiting.
[2018.06.20-08.17.49:416][829]Log file closed, 06/20/18 11:17:49
